2022-02-28 18:41:54,086 - PREPROCESS - INFO - Data Preprocessing Session started!!
2022-02-28 18:41:59,149 - PREPROCESS - INFO - Setting Shape
2022-02-28 18:41:59,899 - PREPROCESS - INFO - Selected Out: arousal (None, 1)
2022-02-28 18:41:59,935 - PREPROCESS - INFO - Setting Shape
2022-02-28 18:41:59,974 - PREPROCESS - INFO - Selected Out: arousal (None, 1)
2022-02-28 18:42:07,767 - PREPROCESS - INFO - 860 Loaded from pickle.
2022-02-28 18:42:07,767 - PREPROCESS - INFO - 860 preprocessed: 0.002137899398803711 Done:90
2022-02-28 18:42:07,773 - PREPROCESS - INFO - 173 Loaded from pickle.
2022-02-28 18:42:07,773 - PREPROCESS - INFO - 173 preprocessed: 0.0025103092193603516 Done:180
2022-02-28 18:42:07,776 - PREPROCESS - INFO - 458 Loaded from pickle.
2022-02-28 18:42:07,776 - PREPROCESS - INFO - 458 preprocessed: 0.001779794692993164 Done:270
2022-02-28 18:42:07,780 - PREPROCESS - INFO - 791 Loaded from pickle.
2022-02-28 18:42:07,780 - PREPROCESS - INFO - 791 preprocessed: 0.0020651817321777344 Done:360
2022-02-28 18:42:07,785 - PREPROCESS - INFO - 142 Loaded from pickle.
2022-02-28 18:42:07,785 - PREPROCESS - INFO - 142 preprocessed: 0.0017158985137939453 Done:450
2022-02-28 18:42:07,788 - PREPROCESS - INFO - 431 Loaded from pickle.
2022-02-28 18:42:07,788 - PREPROCESS - INFO - 431 preprocessed: 0.0020461082458496094 Done:540
2022-02-28 18:42:07,793 - PREPROCESS - INFO - 676 Loaded from pickle.
2022-02-28 18:42:07,793 - PREPROCESS - INFO - 676 preprocessed: 0.0018582344055175781 Done:630
2022-02-28 18:42:07,798 - PREPROCESS - INFO - 798 Loaded from pickle.
2022-02-28 18:42:07,798 - PREPROCESS - INFO - 798 preprocessed: 0.001888275146484375 Done:720
2022-02-28 18:42:07,802 - PREPROCESS - INFO - 279 Loaded from pickle.
2022-02-28 18:42:07,802 - PREPROCESS - INFO - 279 preprocessed: 0.0017881393432617188 Done:810
2022-02-28 18:42:07,808 - PREPROCESS - INFO - 169 Loaded from pickle.
2022-02-28 18:42:07,808 - PREPROCESS - INFO - 169 preprocessed: 0.0018990039825439453 Done:900
2022-02-28 18:42:07,814 - PREPROCESS - INFO - 819 Loaded from pickle.
2022-02-28 18:42:07,814 - PREPROCESS - INFO - 819 preprocessed: 0.0018639564514160156 Done:990
2022-02-28 18:42:07,817 - PREPROCESS - INFO - 814 Loaded from pickle.
2022-02-28 18:42:07,818 - PREPROCESS - INFO - 814 preprocessed: 0.0020232200622558594 Done:1080
2022-02-28 18:42:07,820 - PREPROCESS - INFO - 897 Loaded from pickle.
2022-02-28 18:42:07,821 - PREPROCESS - INFO - 897 preprocessed: 0.0017485618591308594 Done:1170
2022-02-28 18:42:07,824 - PREPROCESS - INFO - 55 Loaded from pickle.
2022-02-28 18:42:07,824 - PREPROCESS - INFO - 55 preprocessed: 0.0017611980438232422 Done:1260
2022-02-28 18:42:07,827 - PREPROCESS - INFO - 807 Loaded from pickle.
2022-02-28 18:42:07,828 - PREPROCESS - INFO - 807 preprocessed: 0.0023314952850341797 Done:1350
2022-02-28 18:42:07,831 - PREPROCESS - INFO - 304 Loaded from pickle.
2022-02-28 18:42:07,831 - PREPROCESS - INFO - 304 preprocessed: 0.0020532608032226562 Done:1440
2022-02-28 18:42:07,835 - PREPROCESS - INFO - 73 Loaded from pickle.
2022-02-28 18:42:07,835 - PREPROCESS - INFO - 73 preprocessed: 0.0016074180603027344 Done:1530
2022-02-28 18:42:07,838 - PREPROCESS - INFO - 69 Loaded from pickle.
2022-02-28 18:42:07,838 - PREPROCESS - INFO - 69 preprocessed: 0.0023107528686523438 Done:1620
2022-02-28 18:42:07,842 - PREPROCESS - INFO - 133 Loaded from pickle.
2022-02-28 18:42:07,842 - PREPROCESS - INFO - 133 preprocessed: 0.0014426708221435547 Done:1710
2022-02-28 18:42:07,845 - PREPROCESS - INFO - 858 Loaded from pickle.
2022-02-28 18:42:07,845 - PREPROCESS - INFO - 858 preprocessed: 0.0019009113311767578 Done:1800
2022-02-28 18:42:07,848 - PREPROCESS - INFO - 640 Loaded from pickle.
2022-02-28 18:42:07,848 - PREPROCESS - INFO - 640 preprocessed: 0.0018787384033203125 Done:1890
2022-02-28 18:42:07,852 - PREPROCESS - INFO - 879 Loaded from pickle.
2022-02-28 18:42:07,852 - PREPROCESS - INFO - 879 preprocessed: 0.0017306804656982422 Done:1980
2022-02-28 18:42:07,858 - PREPROCESS - INFO - 866 Loaded from pickle.
2022-02-28 18:42:07,859 - PREPROCESS - INFO - 866 preprocessed: 0.004404544830322266 Done:2070
2022-02-28 18:42:07,863 - PREPROCESS - INFO - 401 Loaded from pickle.
2022-02-28 18:42:07,863 - PREPROCESS - INFO - 401 preprocessed: 0.0017554759979248047 Done:2160
2022-02-28 18:42:07,868 - PREPROCESS - INFO - 747 Loaded from pickle.
2022-02-28 18:42:07,868 - PREPROCESS - INFO - 747 preprocessed: 0.0017821788787841797 Done:2250
2022-02-28 18:42:07,871 - PREPROCESS - INFO - 333 Loaded from pickle.
2022-02-28 18:42:07,871 - PREPROCESS - INFO - 333 preprocessed: 0.0014836788177490234 Done:2340
2022-02-28 18:42:07,874 - PREPROCESS - INFO - 721 Loaded from pickle.
2022-02-28 18:42:07,874 - PREPROCESS - INFO - 721 preprocessed: 0.0014622211456298828 Done:2430
2022-02-28 18:42:07,878 - PREPROCESS - INFO - 80 Loaded from pickle.
2022-02-28 18:42:07,878 - PREPROCESS - INFO - 80 preprocessed: 0.0015304088592529297 Done:2520
2022-02-28 18:42:07,882 - PREPROCESS - INFO - 179 Loaded from pickle.
2022-02-28 18:42:07,882 - PREPROCESS - INFO - 179 preprocessed: 0.0020284652709960938 Done:2610
2022-02-28 18:42:07,885 - PREPROCESS - INFO - 25 Loaded from pickle.
2022-02-28 18:42:07,885 - PREPROCESS - INFO - 25 preprocessed: 0.0017843246459960938 Done:2700
2022-02-28 18:42:07,890 - PREPROCESS - INFO - 846 Loaded from pickle.
2022-02-28 18:42:07,890 - PREPROCESS - INFO - 846 preprocessed: 0.0018444061279296875 Done:2790
2022-02-28 18:42:07,893 - PREPROCESS - INFO - 650 Loaded from pickle.
2022-02-28 18:42:07,893 - PREPROCESS - INFO - 650 preprocessed: 0.0015323162078857422 Done:2880
2022-02-28 18:42:07,897 - PREPROCESS - INFO - 427 Loaded from pickle.
2022-02-28 18:42:07,897 - PREPROCESS - INFO - 427 preprocessed: 0.0019567012786865234 Done:2970
2022-02-28 18:42:07,901 - PREPROCESS - INFO - 228 Loaded from pickle.
2022-02-28 18:42:07,901 - PREPROCESS - INFO - 228 preprocessed: 0.0024008750915527344 Done:3060
2022-02-28 18:42:07,905 - PREPROCESS - INFO - 665 Loaded from pickle.
2022-02-28 18:42:07,905 - PREPROCESS - INFO - 665 preprocessed: 0.0017006397247314453 Done:3150
2022-02-28 18:42:07,908 - PREPROCESS - INFO - 296 Loaded from pickle.
2022-02-28 18:42:07,908 - PREPROCESS - INFO - 296 preprocessed: 0.0018470287322998047 Done:3240
2022-02-28 18:42:07,912 - PREPROCESS - INFO - 403 Loaded from pickle.
2022-02-28 18:42:07,912 - PREPROCESS - INFO - 403 preprocessed: 0.0017423629760742188 Done:3330
2022-02-28 18:42:07,916 - PREPROCESS - INFO - 334 Loaded from pickle.
2022-02-28 18:42:07,916 - PREPROCESS - INFO - 334 preprocessed: 0.0017428398132324219 Done:3420
2022-02-28 18:42:07,920 - PREPROCESS - INFO - 629 Loaded from pickle.
2022-02-28 18:42:07,920 - PREPROCESS - INFO - 629 preprocessed: 0.0018618106842041016 Done:3510
2022-02-28 18:42:07,928 - PREPROCESS - INFO - 5 Loaded from pickle.
2022-02-28 18:42:07,928 - PREPROCESS - INFO - 5 preprocessed: 0.0020494461059570312 Done:3600
2022-02-28 18:42:07,934 - PREPROCESS - INFO - 163 Loaded from pickle.
2022-02-28 18:42:07,934 - PREPROCESS - INFO - 163 preprocessed: 0.002252817153930664 Done:3690
2022-02-28 18:42:07,939 - PREPROCESS - INFO - 422 Loaded from pickle.
2022-02-28 18:42:07,939 - PREPROCESS - INFO - 422 preprocessed: 0.002285003662109375 Done:3780
2022-02-28 18:42:07,944 - PREPROCESS - INFO - 723 Loaded from pickle.
2022-02-28 18:42:07,944 - PREPROCESS - INFO - 723 preprocessed: 0.002321481704711914 Done:3870
2022-02-28 18:42:07,950 - PREPROCESS - INFO - 177 Loaded from pickle.
2022-02-28 18:42:07,951 - PREPROCESS - INFO - 177 preprocessed: 0.0034360885620117188 Done:3960
2022-02-28 18:42:07,958 - PREPROCESS - INFO - 150 Loaded from pickle.
2022-02-28 18:42:07,958 - PREPROCESS - INFO - 150 preprocessed: 0.002870321273803711 Done:4050
2022-02-28 18:42:07,967 - PREPROCESS - INFO - 299 Loaded from pickle.
2022-02-28 18:42:07,967 - PREPROCESS - INFO - 299 preprocessed: 0.0023016929626464844 Done:4140
2022-02-28 18:42:07,974 - PREPROCESS - INFO - 83 Loaded from pickle.
2022-02-28 18:42:07,975 - PREPROCESS - INFO - 83 preprocessed: 0.002359628677368164 Done:4230
2022-02-28 18:42:07,979 - PREPROCESS - INFO - 42 Loaded from pickle.
2022-02-28 18:42:07,979 - PREPROCESS - INFO - 42 preprocessed: 0.0023224353790283203 Done:4320
2022-02-28 18:42:07,985 - PREPROCESS - INFO - 178 Loaded from pickle.
2022-02-28 18:42:07,985 - PREPROCESS - INFO - 178 preprocessed: 0.0023827552795410156 Done:4410
2022-02-28 18:42:07,991 - PREPROCESS - INFO - 111 Loaded from pickle.
2022-02-28 18:42:07,992 - PREPROCESS - INFO - 111 preprocessed: 0.002234220504760742 Done:4500
2022-02-28 18:42:07,998 - PREPROCESS - INFO - 248 Loaded from pickle.
2022-02-28 18:42:07,998 - PREPROCESS - INFO - 248 preprocessed: 0.002825021743774414 Done:4590
2022-02-28 18:42:08,003 - PREPROCESS - INFO - 649 Loaded from pickle.
2022-02-28 18:42:08,004 - PREPROCESS - INFO - 649 preprocessed: 0.002156496047973633 Done:4680
2022-02-28 18:42:08,009 - PREPROCESS - INFO - 430 Loaded from pickle.
2022-02-28 18:42:08,009 - PREPROCESS - INFO - 430 preprocessed: 0.0020751953125 Done:4770
2022-02-28 18:42:08,018 - PREPROCESS - INFO - 702 Loaded from pickle.
2022-02-28 18:42:08,018 - PREPROCESS - INFO - 702 preprocessed: 0.002275705337524414 Done:4860
2022-02-28 18:42:08,024 - PREPROCESS - INFO - 280 Loaded from pickle.
2022-02-28 18:42:08,024 - PREPROCESS - INFO - 280 preprocessed: 0.0027701854705810547 Done:4950
2022-02-28 18:42:08,032 - PREPROCESS - INFO - 1000 Loaded from pickle.
2022-02-28 18:42:08,032 - PREPROCESS - INFO - 1000 preprocessed: 0.002533435821533203 Done:5040
2022-02-28 18:42:08,039 - PREPROCESS - INFO - 41 Loaded from pickle.
2022-02-28 18:42:08,039 - PREPROCESS - INFO - 41 preprocessed: 0.002344369888305664 Done:5130
2022-02-28 18:42:08,045 - PREPROCESS - INFO - 515 Loaded from pickle.
2022-02-28 18:42:08,045 - PREPROCESS - INFO - 515 preprocessed: 0.0027573108673095703 Done:5220
2022-02-28 18:42:08,051 - PREPROCESS - INFO - 10 Loaded from pickle.
2022-02-28 18:42:08,051 - PREPROCESS - INFO - 10 preprocessed: 0.0025272369384765625 Done:5310
2022-02-28 18:42:08,056 - PREPROCESS - INFO - 909 Loaded from pickle.
2022-02-28 18:42:08,057 - PREPROCESS - INFO - 909 preprocessed: 0.0021820068359375 Done:5400
2022-02-28 18:42:08,062 - PREPROCESS - INFO - 579 Loaded from pickle.
2022-02-28 18:42:08,062 - PREPROCESS - INFO - 579 preprocessed: 0.002473115921020508 Done:5490
2022-02-28 18:42:08,067 - PREPROCESS - INFO - 745 Loaded from pickle.
2022-02-28 18:42:08,067 - PREPROCESS - INFO - 745 preprocessed: 0.002428293228149414 Done:5580
2022-02-28 18:42:08,072 - PREPROCESS - INFO - 269 Loaded from pickle.
2022-02-28 18:42:08,073 - PREPROCESS - INFO - 269 preprocessed: 0.002632617950439453 Done:5670
2022-02-28 18:42:08,078 - PREPROCESS - INFO - 748 Loaded from pickle.
2022-02-28 18:42:08,078 - PREPROCESS - INFO - 748 preprocessed: 0.002444744110107422 Done:5760
2022-02-28 18:42:08,084 - PREPROCESS - INFO - 625 Loaded from pickle.
2022-02-28 18:42:08,084 - PREPROCESS - INFO - 625 preprocessed: 0.0023393630981445312 Done:5850
2022-02-28 18:42:08,090 - PREPROCESS - INFO - 867 Loaded from pickle.
2022-02-28 18:42:08,090 - PREPROCESS - INFO - 867 preprocessed: 0.002244710922241211 Done:5940
2022-02-28 18:42:08,101 - PREPROCESS - INFO - 76 Loaded from pickle.
2022-02-28 18:42:08,101 - PREPROCESS - INFO - 76 preprocessed: 0.0025157928466796875 Done:6030
2022-02-28 18:42:08,109 - PREPROCESS - INFO - 32 Loaded from pickle.
2022-02-28 18:42:08,109 - PREPROCESS - INFO - 32 preprocessed: 0.0025343894958496094 Done:6120
2022-02-28 18:42:08,117 - PREPROCESS - INFO - 123 Loaded from pickle.
2022-02-28 18:42:08,117 - PREPROCESS - INFO - 123 preprocessed: 0.002618551254272461 Done:6210
2022-02-28 18:42:08,123 - PREPROCESS - INFO - 43 Loaded from pickle.
2022-02-28 18:42:08,123 - PREPROCESS - INFO - 43 preprocessed: 0.00223541259765625 Done:6300
2022-02-28 18:42:08,129 - PREPROCESS - INFO - 74 Loaded from pickle.
2022-02-28 18:42:08,129 - PREPROCESS - INFO - 74 preprocessed: 0.002562999725341797 Done:6390
2022-02-28 18:42:08,134 - PREPROCESS - INFO - 872 Loaded from pickle.
2022-02-28 18:42:08,135 - PREPROCESS - INFO - 872 preprocessed: 0.002521991729736328 Done:6480
2022-02-28 18:42:08,141 - PREPROCESS - INFO - 728 Loaded from pickle.
2022-02-28 18:42:08,141 - PREPROCESS - INFO - 728 preprocessed: 0.00260162353515625 Done:6570
2022-02-28 18:42:08,146 - PREPROCESS - INFO - 193 Loaded from pickle.
2022-02-28 18:42:08,146 - PREPROCESS - INFO - 193 preprocessed: 0.0019927024841308594 Done:6660
2022-02-28 18:42:08,155 - PREPROCESS - INFO - 823 Loaded from pickle.
2022-02-28 18:42:08,155 - PREPROCESS - INFO - 823 preprocessed: 0.0021555423736572266 Done:6750
2022-02-28 18:42:08,167 - PREPROCESS - INFO - 286 Loaded from pickle.
2022-02-28 18:42:08,167 - PREPROCESS - INFO - 286 preprocessed: 0.003566265106201172 Done:6840
2022-02-28 18:42:08,175 - PREPROCESS - INFO - 525 Loaded from pickle.
2022-02-28 18:42:08,175 - PREPROCESS - INFO - 525 preprocessed: 0.0025129318237304688 Done:6930
2022-02-28 18:42:08,195 - PREPROCESS - INFO - 845 Loaded from pickle.
2022-02-28 18:42:08,195 - PREPROCESS - INFO - 845 preprocessed: 0.00815129280090332 Done:7020
2022-02-28 18:42:08,281 - PREPROCESS - INFO - 486 Loaded from pickle.
2022-02-28 18:42:08,281 - PREPROCESS - INFO - 486 preprocessed: 0.08257579803466797 Done:7110
2022-02-28 18:42:08,339 - PREPROCESS - INFO - 487 Loaded from pickle.
2022-02-28 18:42:08,339 - PREPROCESS - INFO - 487 preprocessed: 0.04355263710021973 Done:7200
2022-02-28 18:42:08,373 - PREPROCESS - INFO - 31 Loaded from pickle.
2022-02-28 18:42:08,373 - PREPROCESS - INFO - 31 preprocessed: 0.0027437210083007812 Done:7290
2022-02-28 18:42:08,377 - PREPROCESS - INFO - 499 Loaded from pickle.
2022-02-28 18:42:08,377 - PREPROCESS - INFO - 499 preprocessed: 0.0019309520721435547 Done:7380
2022-02-28 18:42:08,380 - PREPROCESS - INFO - 24 Loaded from pickle.
2022-02-28 18:42:08,380 - PREPROCESS - INFO - 24 preprocessed: 0.00157928466796875 Done:7470
2022-02-28 18:42:08,488 - PREPROCESS - INFO - 254 Loaded from pickle.
2022-02-28 18:42:08,489 - PREPROCESS - INFO - 254 preprocessed: 0.0025217533111572266 Done:7560
2022-02-28 18:42:08,493 - PREPROCESS - INFO - 146 Loaded from pickle.
2022-02-28 18:42:08,493 - PREPROCESS - INFO - 146 preprocessed: 0.0021352767944335938 Done:7650
2022-02-28 18:42:08,496 - PREPROCESS - INFO - 554 Loaded from pickle.
2022-02-28 18:42:08,496 - PREPROCESS - INFO - 554 preprocessed: 0.0018277168273925781 Done:7740
2022-02-28 18:42:08,501 - PREPROCESS - INFO - 967 Loaded from pickle.
2022-02-28 18:42:08,501 - PREPROCESS - INFO - 967 preprocessed: 0.0020363330841064453 Done:7830
2022-02-28 18:42:08,516 - PREPROCESS - INFO - 93 Loaded from pickle.
2022-02-28 18:42:08,516 - PREPROCESS - INFO - 93 preprocessed: 0.0039217472076416016 Done:7920
2022-02-28 18:42:08,587 - PREPROCESS - INFO - 585 Loaded from pickle.
2022-02-28 18:42:08,587 - PREPROCESS - INFO - 585 preprocessed: 0.03332209587097168 Done:8010
2022-02-28 18:42:08,711 - PREPROCESS - INFO - 167 Loaded from pickle.
2022-02-28 18:42:08,712 - PREPROCESS - INFO - 167 preprocessed: 0.03368186950683594 Done:8100
2022-02-28 18:42:08,722 - PREPROCESS - INFO - 292 Loaded from pickle.
2022-02-28 18:42:08,722 - PREPROCESS - INFO - 292 preprocessed: 0.0017447471618652344 Done:8190
2022-02-28 18:42:08,726 - PREPROCESS - INFO - 348 Loaded from pickle.
2022-02-28 18:42:08,727 - PREPROCESS - INFO - 348 preprocessed: 0.0023322105407714844 Done:8280
2022-02-28 18:42:08,731 - PREPROCESS - INFO - 294 Loaded from pickle.
2022-02-28 18:42:08,732 - PREPROCESS - INFO - 294 preprocessed: 0.0025005340576171875 Done:8370
2022-02-28 18:42:08,735 - PREPROCESS - INFO - 144 Loaded from pickle.
2022-02-28 18:42:08,735 - PREPROCESS - INFO - 144 preprocessed: 0.0018305778503417969 Done:8460
2022-02-28 18:42:08,741 - PREPROCESS - INFO - 463 Loaded from pickle.
2022-02-28 18:42:08,741 - PREPROCESS - INFO - 463 preprocessed: 0.0030028820037841797 Done:8550
2022-02-28 18:42:08,745 - PREPROCESS - INFO - 306 Loaded from pickle.
2022-02-28 18:42:08,745 - PREPROCESS - INFO - 306 preprocessed: 0.0017502307891845703 Done:8640
2022-02-28 18:42:08,750 - PREPROCESS - INFO - 695 Loaded from pickle.
2022-02-28 18:42:08,750 - PREPROCESS - INFO - 695 preprocessed: 0.0017664432525634766 Done:8730
2022-02-28 18:42:08,755 - PREPROCESS - INFO - 350 Loaded from pickle.
2022-02-28 18:42:08,755 - PREPROCESS - INFO - 350 preprocessed: 0.002195596694946289 Done:8820
2022-02-28 18:42:08,758 - PREPROCESS - INFO - 789 Loaded from pickle.
2022-02-28 18:42:08,759 - PREPROCESS - INFO - 789 preprocessed: 0.0019102096557617188 Done:8910
2022-02-28 18:42:08,762 - PREPROCESS - INFO - 902 Loaded from pickle.
2022-02-28 18:42:08,762 - PREPROCESS - INFO - 902 preprocessed: 0.0017440319061279297 Done:9000
2022-02-28 18:42:08,768 - PREPROCESS - INFO - 451 Loaded from pickle.
2022-02-28 18:42:08,768 - PREPROCESS - INFO - 451 preprocessed: 0.0018775463104248047 Done:9090
2022-02-28 18:42:08,787 - PREPROCESS - INFO - 892 Loaded from pickle.
2022-02-28 18:42:08,787 - PREPROCESS - INFO - 892 preprocessed: 0.016861438751220703 Done:9180
2022-02-28 18:42:08,947 - PREPROCESS - INFO - 174 Loaded from pickle.
2022-02-28 18:42:08,947 - PREPROCESS - INFO - 174 preprocessed: 0.0293426513671875 Done:9270
2022-02-28 18:42:09,020 - PREPROCESS - INFO - 815 Loaded from pickle.
2022-02-28 18:42:09,020 - PREPROCESS - INFO - 815 preprocessed: 0.019818782806396484 Done:9360
2022-02-28 18:42:09,097 - PREPROCESS - INFO - 501 Loaded from pickle.
2022-02-28 18:42:09,097 - PREPROCESS - INFO - 501 preprocessed: 0.02669692039489746 Done:9450
2022-02-28 18:42:09,190 - PREPROCESS - INFO - 459 Loaded from pickle.
2022-02-28 18:42:09,190 - PREPROCESS - INFO - 459 preprocessed: 0.048735857009887695 Done:9540
2022-02-28 18:42:09,296 - PREPROCESS - INFO - 518 Loaded from pickle.
2022-02-28 18:42:09,296 - PREPROCESS - INFO - 518 preprocessed: 0.03408479690551758 Done:9630
2022-02-28 18:42:09,355 - PREPROCESS - INFO - 506 Loaded from pickle.
2022-02-28 18:42:09,355 - PREPROCESS - INFO - 506 preprocessed: 0.0017673969268798828 Done:9720
2022-02-28 18:42:09,359 - PREPROCESS - INFO - 138 Loaded from pickle.
2022-02-28 18:42:09,359 - PREPROCESS - INFO - 138 preprocessed: 0.002183198928833008 Done:9810
2022-02-28 18:42:09,362 - PREPROCESS - INFO - 48 Loaded from pickle.
2022-02-28 18:42:09,363 - PREPROCESS - INFO - 48 preprocessed: 0.0018377304077148438 Done:9900
2022-02-28 18:42:09,366 - PREPROCESS - INFO - 356 Loaded from pickle.
2022-02-28 18:42:09,366 - PREPROCESS - INFO - 356 preprocessed: 0.0016644001007080078 Done:9990
2022-02-28 18:42:09,372 - PREPROCESS - INFO - 326 Loaded from pickle.
2022-02-28 18:42:09,372 - PREPROCESS - INFO - 326 preprocessed: 0.0016701221466064453 Done:10080
2022-02-28 18:42:09,376 - PREPROCESS - INFO - 478 Loaded from pickle.
2022-02-28 18:42:09,376 - PREPROCESS - INFO - 478 preprocessed: 0.002156496047973633 Done:10170
2022-02-28 18:42:09,380 - PREPROCESS - INFO - 19 Loaded from pickle.
2022-02-28 18:42:09,380 - PREPROCESS - INFO - 19 preprocessed: 0.0017168521881103516 Done:10260
2022-02-28 18:42:09,385 - PREPROCESS - INFO - 171 Loaded from pickle.
2022-02-28 18:42:09,385 - PREPROCESS - INFO - 171 preprocessed: 0.0016660690307617188 Done:10350
2022-02-28 18:42:09,389 - PREPROCESS - INFO - 869 Loaded from pickle.
2022-02-28 18:42:09,389 - PREPROCESS - INFO - 869 preprocessed: 0.0017697811126708984 Done:10440
2022-02-28 18:42:09,395 - PREPROCESS - INFO - 22 Loaded from pickle.
2022-02-28 18:42:09,395 - PREPROCESS - INFO - 22 preprocessed: 0.001506805419921875 Done:10530
2022-02-28 18:42:09,399 - PREPROCESS - INFO - 500 Loaded from pickle.
2022-02-28 18:42:09,399 - PREPROCESS - INFO - 500 preprocessed: 0.0016567707061767578 Done:10620
2022-02-28 18:42:09,405 - PREPROCESS - INFO - 692 Loaded from pickle.
2022-02-28 18:42:09,405 - PREPROCESS - INFO - 692 preprocessed: 0.0015976428985595703 Done:10710
2022-02-28 18:42:09,408 - PREPROCESS - INFO - 67 Loaded from pickle.
2022-02-28 18:42:09,408 - PREPROCESS - INFO - 67 preprocessed: 0.0016551017761230469 Done:10800
2022-02-28 18:42:09,412 - PREPROCESS - INFO - 49 Loaded from pickle.
2022-02-28 18:42:09,413 - PREPROCESS - INFO - 49 preprocessed: 0.0018460750579833984 Done:10890
2022-02-28 18:42:09,417 - PREPROCESS - INFO - 148 Loaded from pickle.
2022-02-28 18:42:09,417 - PREPROCESS - INFO - 148 preprocessed: 0.001600503921508789 Done:10980
2022-02-28 18:42:09,421 - PREPROCESS - INFO - 891 Loaded from pickle.
2022-02-28 18:42:09,421 - PREPROCESS - INFO - 891 preprocessed: 0.0017971992492675781 Done:11070
2022-02-28 18:42:09,426 - PREPROCESS - INFO - 235 Loaded from pickle.
2022-02-28 18:42:09,426 - PREPROCESS - INFO - 235 preprocessed: 0.003289937973022461 Done:11160
2022-02-28 18:42:09,449 - PREPROCESS - INFO - 698 Loaded from pickle.
2022-02-28 18:42:09,449 - PREPROCESS - INFO - 698 preprocessed: 0.013655424118041992 Done:11250
2022-02-28 18:42:09,464 - PREPROCESS - INFO - 106 Loaded from pickle.
2022-02-28 18:42:09,464 - PREPROCESS - INFO - 106 preprocessed: 0.007126808166503906 Done:11340
2022-02-28 18:42:09,504 - PREPROCESS - INFO - 129 Loaded from pickle.
2022-02-28 18:42:09,504 - PREPROCESS - INFO - 129 preprocessed: 0.019602537155151367 Done:11430
2022-02-28 18:42:09,585 - PREPROCESS - INFO - 65 Loaded from pickle.
2022-02-28 18:42:09,585 - PREPROCESS - INFO - 65 preprocessed: 0.022883892059326172 Done:11520
2022-02-28 18:42:09,716 - PREPROCESS - INFO - 58 Loaded from pickle.
2022-02-28 18:42:09,717 - PREPROCESS - INFO - 58 preprocessed: 0.0384221076965332 Done:11610
2022-02-28 18:42:09,827 - PREPROCESS - INFO - 910 Loaded from pickle.
2022-02-28 18:42:09,827 - PREPROCESS - INFO - 910 preprocessed: 0.027217864990234375 Done:11700
2022-02-28 18:42:09,854 - PREPROCESS - INFO - 367 Loaded from pickle.
2022-02-28 18:42:09,854 - PREPROCESS - INFO - 367 preprocessed: 0.021992921829223633 Done:11790
2022-02-28 18:42:09,918 - PREPROCESS - INFO - 977 Loaded from pickle.
2022-02-28 18:42:09,919 - PREPROCESS - INFO - 977 preprocessed: 0.025651931762695312 Done:11880
2022-02-28 18:42:10,080 - PREPROCESS - INFO - 857 Loaded from pickle.
2022-02-28 18:42:10,080 - PREPROCESS - INFO - 857 preprocessed: 0.03200578689575195 Done:11970
2022-02-28 18:42:10,176 - PREPROCESS - INFO - 159 Loaded from pickle.
2022-02-28 18:42:10,176 - PREPROCESS - INFO - 159 preprocessed: 0.03844118118286133 Done:12060
2022-02-28 18:42:10,211 - PREPROCESS - INFO - 198 Loaded from pickle.
2022-02-28 18:42:10,211 - PREPROCESS - INFO - 198 preprocessed: 0.005410432815551758 Done:12150
2022-02-28 18:42:10,296 - PREPROCESS - INFO - 826 Loaded from pickle.
2022-02-28 18:42:10,296 - PREPROCESS - INFO - 826 preprocessed: 0.03480386734008789 Done:12240
2022-02-28 18:42:10,345 - PREPROCESS - INFO - 696 Loaded from pickle.
2022-02-28 18:42:10,345 - PREPROCESS - INFO - 696 preprocessed: 0.030469179153442383 Done:12330
2022-02-28 18:42:10,479 - PREPROCESS - INFO - 301 Loaded from pickle.
2022-02-28 18:42:10,479 - PREPROCESS - INFO - 301 preprocessed: 0.042397499084472656 Done:12420
2022-02-28 18:42:10,513 - PREPROCESS - INFO - 730 Loaded from pickle.
2022-02-28 18:42:10,513 - PREPROCESS - INFO - 730 preprocessed: 0.004696369171142578 Done:12510
2022-02-28 18:42:10,551 - PREPROCESS - INFO - 151 Loaded from pickle.
2022-02-28 18:42:10,551 - PREPROCESS - INFO - 151 preprocessed: 0.01095890998840332 Done:12600
2022-02-28 18:42:10,591 - PREPROCESS - INFO - 795 Loaded from pickle.
2022-02-28 18:42:10,591 - PREPROCESS - INFO - 795 preprocessed: 0.005320310592651367 Done:12690
2022-02-28 18:42:10,753 - PREPROCESS - INFO - 607 Loaded from pickle.
2022-02-28 18:42:10,753 - PREPROCESS - INFO - 607 preprocessed: 0.0028924942016601562 Done:12780
2022-02-28 18:42:10,756 - PREPROCESS - INFO - 21 Loaded from pickle.
2022-02-28 18:42:10,757 - PREPROCESS - INFO - 21 preprocessed: 0.0016252994537353516 Done:12870
2022-02-28 18:42:10,761 - PREPROCESS - INFO - 88 Loaded from pickle.
2022-02-28 18:42:10,761 - PREPROCESS - INFO - 88 preprocessed: 0.0015075206756591797 Done:12960
2022-02-28 18:42:10,765 - PREPROCESS - INFO - 162 Loaded from pickle.
2022-02-28 18:42:10,765 - PREPROCESS - INFO - 162 preprocessed: 0.0017437934875488281 Done:13050
2022-02-28 18:42:10,768 - PREPROCESS - INFO - 328 Loaded from pickle.
2022-02-28 18:42:10,768 - PREPROCESS - INFO - 328 preprocessed: 0.001402139663696289 Done:13140
2022-02-28 18:42:10,772 - PREPROCESS - INFO - 759 Loaded from pickle.
2022-02-28 18:42:10,772 - PREPROCESS - INFO - 759 preprocessed: 0.0016460418701171875 Done:13230
2022-02-28 18:42:10,775 - PREPROCESS - INFO - 395 Loaded from pickle.
2022-02-28 18:42:10,776 - PREPROCESS - INFO - 395 preprocessed: 0.002115011215209961 Done:13320
2022-02-28 18:42:10,779 - PREPROCESS - INFO - 834 Loaded from pickle.
2022-02-28 18:42:10,779 - PREPROCESS - INFO - 834 preprocessed: 0.0014595985412597656 Done:13410
2022-02-28 18:42:10,785 - PREPROCESS - INFO - 956 Loaded from pickle.
2022-02-28 18:42:10,785 - PREPROCESS - INFO - 956 preprocessed: 0.0017101764678955078 Done:13500
2022-02-28 18:42:10,790 - PREPROCESS - INFO - 830 Loaded from pickle.
2022-02-28 18:42:10,790 - PREPROCESS - INFO - 830 preprocessed: 0.0015304088592529297 Done:13590
2022-02-28 18:42:10,794 - PREPROCESS - INFO - 490 Loaded from pickle.
2022-02-28 18:42:10,794 - PREPROCESS - INFO - 490 preprocessed: 0.0019636154174804688 Done:13680
2022-02-28 18:42:10,797 - PREPROCESS - INFO - 327 Loaded from pickle.
2022-02-28 18:42:10,798 - PREPROCESS - INFO - 327 preprocessed: 0.0014350414276123047 Done:13770
2022-02-28 18:42:10,801 - PREPROCESS - INFO - 703 Loaded from pickle.
2022-02-28 18:42:10,801 - PREPROCESS - INFO - 703 preprocessed: 0.001760721206665039 Done:13860
2022-02-28 18:42:10,806 - PREPROCESS - INFO - 818 Loaded from pickle.
2022-02-28 18:42:10,806 - PREPROCESS - INFO - 818 preprocessed: 0.0017321109771728516 Done:13950
2022-02-28 18:42:10,810 - PREPROCESS - INFO - 410 Loaded from pickle.
2022-02-28 18:42:10,810 - PREPROCESS - INFO - 410 preprocessed: 0.001791238784790039 Done:14040
2022-02-28 18:42:10,815 - PREPROCESS - INFO - 90 Loaded from pickle.
2022-02-28 18:42:10,815 - PREPROCESS - INFO - 90 preprocessed: 0.001852273941040039 Done:14130
2022-02-28 18:42:10,821 - PREPROCESS - INFO - 666 Loaded from pickle.
2022-02-28 18:42:10,821 - PREPROCESS - INFO - 666 preprocessed: 0.001878499984741211 Done:14220
2022-02-28 18:42:10,827 - PREPROCESS - INFO - 199 Loaded from pickle.
2022-02-28 18:42:10,827 - PREPROCESS - INFO - 199 preprocessed: 0.0019881725311279297 Done:14310
2022-02-28 18:42:10,831 - PREPROCESS - INFO - 383 Loaded from pickle.
2022-02-28 18:42:10,831 - PREPROCESS - INFO - 383 preprocessed: 0.0017757415771484375 Done:14400
2022-02-28 18:42:10,841 - PREPROCESS - INFO - 39 Loaded from pickle.
2022-02-28 18:42:10,841 - PREPROCESS - INFO - 39 preprocessed: 0.0021653175354003906 Done:14490
2022-02-28 18:42:10,846 - PREPROCESS - INFO - 836 Loaded from pickle.
2022-02-28 18:42:10,847 - PREPROCESS - INFO - 836 preprocessed: 0.0018658638000488281 Done:14580
2022-02-28 18:42:10,853 - PREPROCESS - INFO - 51 Loaded from pickle.
2022-02-28 18:42:10,853 - PREPROCESS - INFO - 51 preprocessed: 0.0021543502807617188 Done:14670
2022-02-28 18:42:10,859 - PREPROCESS - INFO - 673 Loaded from pickle.
2022-02-28 18:42:10,860 - PREPROCESS - INFO - 673 preprocessed: 0.002130746841430664 Done:14760
2022-02-28 18:42:10,864 - PREPROCESS - INFO - 859 Loaded from pickle.
2022-02-28 18:42:10,864 - PREPROCESS - INFO - 859 preprocessed: 0.0022749900817871094 Done:14850
2022-02-28 18:42:10,869 - PREPROCESS - INFO - 329 Loaded from pickle.
2022-02-28 18:42:10,869 - PREPROCESS - INFO - 329 preprocessed: 0.002268552780151367 Done:14940
2022-02-28 18:42:10,878 - PREPROCESS - INFO - 472 Loaded from pickle.
2022-02-28 18:42:10,878 - PREPROCESS - INFO - 472 preprocessed: 0.002103090286254883 Done:15030
2022-02-28 18:42:10,883 - PREPROCESS - INFO - 776 Loaded from pickle.
2022-02-28 18:42:10,883 - PREPROCESS - INFO - 776 preprocessed: 0.0020360946655273438 Done:15120
2022-02-28 18:42:10,889 - PREPROCESS - INFO - 196 Loaded from pickle.
2022-02-28 18:42:10,889 - PREPROCESS - INFO - 196 preprocessed: 0.0021431446075439453 Done:15210
2022-02-28 18:42:10,896 - PREPROCESS - INFO - 961 Loaded from pickle.
2022-02-28 18:42:10,896 - PREPROCESS - INFO - 961 preprocessed: 0.0022192001342773438 Done:15300
2022-02-28 18:42:10,901 - PREPROCESS - INFO - 938 Loaded from pickle.
2022-02-28 18:42:10,901 - PREPROCESS - INFO - 938 preprocessed: 0.0022344589233398438 Done:15390
2022-02-28 18:42:10,908 - PREPROCESS - INFO - 285 Loaded from pickle.
2022-02-28 18:42:10,908 - PREPROCESS - INFO - 285 preprocessed: 0.0021877288818359375 Done:15480
2022-02-28 18:42:10,915 - PREPROCESS - INFO - 201 Loaded from pickle.
2022-02-28 18:42:10,915 - PREPROCESS - INFO - 201 preprocessed: 0.0022144317626953125 Done:15570
2022-02-28 18:42:10,920 - PREPROCESS - INFO - 188 Loaded from pickle.
2022-02-28 18:42:10,920 - PREPROCESS - INFO - 188 preprocessed: 0.0021233558654785156 Done:15660
2022-02-28 18:42:10,926 - PREPROCESS - INFO - 322 Loaded from pickle.
2022-02-28 18:42:10,926 - PREPROCESS - INFO - 322 preprocessed: 0.002004384994506836 Done:15750
2022-02-28 18:42:10,930 - PREPROCESS - INFO - 512 Loaded from pickle.
2022-02-28 18:42:10,931 - PREPROCESS - INFO - 512 preprocessed: 0.0020952224731445312 Done:15840
2022-02-28 18:42:10,937 - PREPROCESS - INFO - 689 Loaded from pickle.
2022-02-28 18:42:10,937 - PREPROCESS - INFO - 689 preprocessed: 0.0019779205322265625 Done:15930
2022-02-28 18:42:10,945 - PREPROCESS - INFO - 661 Loaded from pickle.
2022-02-28 18:42:10,945 - PREPROCESS - INFO - 661 preprocessed: 0.0026731491088867188 Done:16020
2022-02-28 18:42:10,954 - PREPROCESS - INFO - 371 Loaded from pickle.
2022-02-28 18:42:10,954 - PREPROCESS - INFO - 371 preprocessed: 0.0022869110107421875 Done:16110
2022-02-28 18:42:10,960 - PREPROCESS - INFO - 825 Loaded from pickle.
2022-02-28 18:42:10,960 - PREPROCESS - INFO - 825 preprocessed: 0.0022592544555664062 Done:16200
2022-02-28 18:42:10,967 - PREPROCESS - INFO - 519 Loaded from pickle.
2022-02-28 18:42:10,967 - PREPROCESS - INFO - 519 preprocessed: 0.0021347999572753906 Done:16290
2022-02-28 18:42:10,971 - PREPROCESS - INFO - 617 Loaded from pickle.
2022-02-28 18:42:10,971 - PREPROCESS - INFO - 617 preprocessed: 0.0019397735595703125 Done:16380
2022-02-28 18:42:10,976 - PREPROCESS - INFO - 932 Loaded from pickle.
2022-02-28 18:42:10,976 - PREPROCESS - INFO - 932 preprocessed: 0.0019562244415283203 Done:16470
2022-02-28 18:42:10,983 - PREPROCESS - INFO - 152 Loaded from pickle.
2022-02-28 18:42:10,983 - PREPROCESS - INFO - 152 preprocessed: 0.002176523208618164 Done:16560
2022-02-28 18:42:10,989 - PREPROCESS - INFO - 460 Loaded from pickle.
2022-02-28 18:42:10,989 - PREPROCESS - INFO - 460 preprocessed: 0.001932382583618164 Done:16650
2022-02-28 18:42:11,002 - PREPROCESS - INFO - 236 Loaded from pickle.
2022-02-28 18:42:11,002 - PREPROCESS - INFO - 236 preprocessed: 0.0022630691528320312 Done:16740
2022-02-28 18:42:11,007 - PREPROCESS - INFO - 547 Loaded from pickle.
2022-02-28 18:42:11,007 - PREPROCESS - INFO - 547 preprocessed: 0.0021555423736572266 Done:16830
2022-02-28 18:42:11,012 - PREPROCESS - INFO - 623 Loaded from pickle.
2022-02-28 18:42:11,012 - PREPROCESS - INFO - 623 preprocessed: 0.002274751663208008 Done:16920
2022-02-28 18:42:11,018 - PREPROCESS - INFO - 976 Loaded from pickle.
2022-02-28 18:42:11,018 - PREPROCESS - INFO - 976 preprocessed: 0.0021605491638183594 Done:17010
2022-02-28 18:42:11,023 - PREPROCESS - INFO - 646 Loaded from pickle.
2022-02-28 18:42:11,023 - PREPROCESS - INFO - 646 preprocessed: 0.0022482872009277344 Done:17100
2022-02-28 18:42:11,029 - PREPROCESS - INFO - 310 Loaded from pickle.
2022-02-28 18:42:11,029 - PREPROCESS - INFO - 310 preprocessed: 0.001962900161743164 Done:17190
2022-02-28 18:42:11,039 - PREPROCESS - INFO - 257 Loaded from pickle.
2022-02-28 18:42:11,039 - PREPROCESS - INFO - 257 preprocessed: 0.002267122268676758 Done:17280
2022-02-28 18:42:11,045 - PREPROCESS - INFO - 690 Loaded from pickle.
2022-02-28 18:42:11,045 - PREPROCESS - INFO - 690 preprocessed: 0.002214670181274414 Done:17370
2022-02-28 18:42:11,052 - PREPROCESS - INFO - 361 Loaded from pickle.
2022-02-28 18:42:11,052 - PREPROCESS - INFO - 361 preprocessed: 0.002593994140625 Done:17460
2022-02-28 18:42:11,059 - PREPROCESS - INFO - 671 Loaded from pickle.
2022-02-28 18:42:11,059 - PREPROCESS - INFO - 671 preprocessed: 0.0024797916412353516 Done:17550
2022-02-28 18:42:11,065 - PREPROCESS - INFO - 176 Loaded from pickle.
2022-02-28 18:42:11,065 - PREPROCESS - INFO - 176 preprocessed: 0.0027310848236083984 Done:17640
2022-02-28 18:42:11,075 - PREPROCESS - INFO - 475 Loaded from pickle.
2022-02-28 18:42:11,075 - PREPROCESS - INFO - 475 preprocessed: 0.0024728775024414062 Done:17730
2022-02-28 18:42:11,083 - PREPROCESS - INFO - 784 Loaded from pickle.
2022-02-28 18:42:11,083 - PREPROCESS - INFO - 784 preprocessed: 0.0020341873168945312 Done:17820
2022-02-28 18:42:11,089 - PREPROCESS - INFO - 323 Loaded from pickle.
2022-02-28 18:42:11,089 - PREPROCESS - INFO - 323 preprocessed: 0.002257823944091797 Done:17910
2022-02-28 18:42:11,096 - PREPROCESS - INFO - 777 Loaded from pickle.
2022-02-28 18:42:11,096 - PREPROCESS - INFO - 777 preprocessed: 0.0024175643920898438 Done:18000
2022-02-28 18:42:11,103 - PREPROCESS - INFO - 297 Loaded from pickle.
2022-02-28 18:42:11,103 - PREPROCESS - INFO - 297 preprocessed: 0.0023882389068603516 Done:18090
2022-02-28 18:42:11,111 - PREPROCESS - INFO - 208 Loaded from pickle.
2022-02-28 18:42:11,111 - PREPROCESS - INFO - 208 preprocessed: 0.0022559165954589844 Done:18180
2022-02-28 18:42:11,118 - PREPROCESS - INFO - 707 Loaded from pickle.
2022-02-28 18:42:11,119 - PREPROCESS - INFO - 707 preprocessed: 0.0026979446411132812 Done:18270
2022-02-28 18:42:11,127 - PREPROCESS - INFO - 117 Loaded from pickle.
2022-02-28 18:42:11,127 - PREPROCESS - INFO - 117 preprocessed: 0.002531290054321289 Done:18360
2022-02-28 18:42:11,133 - PREPROCESS - INFO - 317 Loaded from pickle.
2022-02-28 18:42:11,133 - PREPROCESS - INFO - 317 preprocessed: 0.0022618770599365234 Done:18450
2022-02-28 18:42:11,139 - PREPROCESS - INFO - 402 Loaded from pickle.
2022-02-28 18:42:11,140 - PREPROCESS - INFO - 402 preprocessed: 0.0020360946655273438 Done:18540
2022-02-28 18:42:11,145 - PREPROCESS - INFO - 706 Loaded from pickle.
2022-02-28 18:42:11,145 - PREPROCESS - INFO - 706 preprocessed: 0.0024886131286621094 Done:18630
2022-02-28 18:42:11,151 - PREPROCESS - INFO - 908 Loaded from pickle.
2022-02-28 18:42:11,151 - PREPROCESS - INFO - 908 preprocessed: 0.002530813217163086 Done:18720
2022-02-28 18:42:11,160 - PREPROCESS - INFO - 688 Loaded from pickle.
2022-02-28 18:42:11,160 - PREPROCESS - INFO - 688 preprocessed: 0.002253293991088867 Done:18810
2022-02-28 18:42:11,165 - PREPROCESS - INFO - 238 Loaded from pickle.
2022-02-28 18:42:11,166 - PREPROCESS - INFO - 238 preprocessed: 0.002237081527709961 Done:18900
2022-02-28 18:42:11,171 - PREPROCESS - INFO - 551 Loaded from pickle.
2022-02-28 18:42:11,171 - PREPROCESS - INFO - 551 preprocessed: 0.0024576187133789062 Done:18990
2022-02-28 18:42:11,178 - PREPROCESS - INFO - 813 Loaded from pickle.
2022-02-28 18:42:11,178 - PREPROCESS - INFO - 813 preprocessed: 0.002490520477294922 Done:19080
2022-02-28 18:42:11,183 - PREPROCESS - INFO - 514 Loaded from pickle.
2022-02-28 18:42:11,183 - PREPROCESS - INFO - 514 preprocessed: 0.0024933815002441406 Done:19170
2022-02-28 18:42:11,187 - PREPROCESS - INFO - 273 Loaded from pickle.
2022-02-28 18:42:11,187 - PREPROCESS - INFO - 273 preprocessed: 0.0015516281127929688 Done:19260
2022-02-28 18:42:11,194 - PREPROCESS - INFO - 182 Loaded from pickle.
2022-02-28 18:42:11,194 - PREPROCESS - INFO - 182 preprocessed: 0.0017061233520507812 Done:19350
2022-02-28 18:42:11,198 - PREPROCESS - INFO - 974 Loaded from pickle.
2022-02-28 18:42:11,198 - PREPROCESS - INFO - 974 preprocessed: 0.0014760494232177734 Done:19440
2022-02-28 18:42:11,202 - PREPROCESS - INFO - 206 Loaded from pickle.
2022-02-28 18:42:11,202 - PREPROCESS - INFO - 206 preprocessed: 0.001964569091796875 Done:19530
2022-02-28 18:42:11,206 - PREPROCESS - INFO - 714 Loaded from pickle.
2022-02-28 18:42:11,206 - PREPROCESS - INFO - 714 preprocessed: 0.0025184154510498047 Done:19620
2022-02-28 18:42:11,210 - PREPROCESS - INFO - 341 Loaded from pickle.
2022-02-28 18:42:11,210 - PREPROCESS - INFO - 341 preprocessed: 0.0015592575073242188 Done:19710
2022-02-28 18:42:11,213 - PREPROCESS - INFO - 381 Loaded from pickle.
2022-02-28 18:42:11,213 - PREPROCESS - INFO - 381 preprocessed: 0.001749277114868164 Done:19800
2022-02-28 18:42:11,217 - PREPROCESS - INFO - 180 Loaded from pickle.
2022-02-28 18:42:11,217 - PREPROCESS - INFO - 180 preprocessed: 0.0015752315521240234 Done:19890
2022-02-28 18:42:11,220 - PREPROCESS - INFO - 262 Loaded from pickle.
2022-02-28 18:42:11,221 - PREPROCESS - INFO - 262 preprocessed: 0.0018143653869628906 Done:19980
2022-02-28 18:42:11,225 - PREPROCESS - INFO - 275 Loaded from pickle.
2022-02-28 18:42:11,225 - PREPROCESS - INFO - 275 preprocessed: 0.0015342235565185547 Done:20070
2022-02-28 18:42:11,228 - PREPROCESS - INFO - 70 Loaded from pickle.
2022-02-28 18:42:11,228 - PREPROCESS - INFO - 70 preprocessed: 0.0015172958374023438 Done:20160
2022-02-28 18:42:11,231 - PREPROCESS - INFO - 378 Loaded from pickle.
2022-02-28 18:42:11,231 - PREPROCESS - INFO - 378 preprocessed: 0.0015845298767089844 Done:20250
2022-02-28 18:42:11,235 - PREPROCESS - INFO - 4 Loaded from pickle.
2022-02-28 18:42:11,235 - PREPROCESS - INFO - 4 preprocessed: 0.001445770263671875 Done:20340
2022-02-28 18:42:11,238 - PREPROCESS - INFO - 156 Loaded from pickle.
2022-02-28 18:42:11,238 - PREPROCESS - INFO - 156 preprocessed: 0.0014548301696777344 Done:20430
2022-02-28 18:42:11,240 - PREPROCESS - INFO - 335 Loaded from pickle.
2022-02-28 18:42:11,240 - PREPROCESS - INFO - 335 preprocessed: 0.0013997554779052734 Done:20520
2022-02-28 18:42:11,245 - PREPROCESS - INFO - 493 Loaded from pickle.
2022-02-28 18:42:11,245 - PREPROCESS - INFO - 493 preprocessed: 0.0016942024230957031 Done:20610
2022-02-28 18:42:11,248 - PREPROCESS - INFO - 455 Loaded from pickle.
2022-02-28 18:42:11,248 - PREPROCESS - INFO - 455 preprocessed: 0.0016911029815673828 Done:20700
2022-02-28 18:42:11,252 - PREPROCESS - INFO - 168 Loaded from pickle.
2022-02-28 18:42:11,252 - PREPROCESS - INFO - 168 preprocessed: 0.0018875598907470703 Done:20790
2022-02-28 18:42:11,257 - PREPROCESS - INFO - 118 Loaded from pickle.
2022-02-28 18:42:11,257 - PREPROCESS - INFO - 118 preprocessed: 0.0016522407531738281 Done:20880
2022-02-28 18:42:11,260 - PREPROCESS - INFO - 876 Loaded from pickle.
2022-02-28 18:42:11,260 - PREPROCESS - INFO - 876 preprocessed: 0.0018169879913330078 Done:20970
2022-02-28 18:42:11,264 - PREPROCESS - INFO - 708 Loaded from pickle.
2022-02-28 18:42:11,264 - PREPROCESS - INFO - 708 preprocessed: 0.0016093254089355469 Done:21060
2022-02-28 18:42:11,269 - PREPROCESS - INFO - 197 Loaded from pickle.
2022-02-28 18:42:11,269 - PREPROCESS - INFO - 197 preprocessed: 0.0018413066864013672 Done:21150
2022-02-28 18:42:11,274 - PREPROCESS - INFO - 344 Loaded from pickle.
2022-02-28 18:42:11,274 - PREPROCESS - INFO - 344 preprocessed: 0.0021152496337890625 Done:21240
2022-02-28 18:42:11,278 - PREPROCESS - INFO - 445 Loaded from pickle.
2022-02-28 18:42:11,278 - PREPROCESS - INFO - 445 preprocessed: 0.0020008087158203125 Done:21330
2022-02-28 18:42:11,284 - PREPROCESS - INFO - 959 Loaded from pickle.
2022-02-28 18:42:11,284 - PREPROCESS - INFO - 959 preprocessed: 0.001995563507080078 Done:21420
2022-02-28 18:42:11,292 - PREPROCESS - INFO - 769 Loaded from pickle.
2022-02-28 18:42:11,292 - PREPROCESS - INFO - 769 preprocessed: 0.0017161369323730469 Done:21510
2022-02-28 18:42:11,296 - PREPROCESS - INFO - 281 Loaded from pickle.
2022-02-28 18:42:11,296 - PREPROCESS - INFO - 281 preprocessed: 0.0015187263488769531 Done:21600
2022-02-28 18:42:11,299 - PREPROCESS - INFO - 780 Loaded from pickle.
2022-02-28 18:42:11,299 - PREPROCESS - INFO - 780 preprocessed: 0.0013990402221679688 Done:21690
2022-02-28 18:42:11,302 - PREPROCESS - INFO - 82 Loaded from pickle.
2022-02-28 18:42:11,302 - PREPROCESS - INFO - 82 preprocessed: 0.0013785362243652344 Done:21780
2022-02-28 18:42:11,307 - PREPROCESS - INFO - 654 Loaded from pickle.
2022-02-28 18:42:11,307 - PREPROCESS - INFO - 654 preprocessed: 0.0014846324920654297 Done:21870
2022-02-28 18:42:11,310 - PREPROCESS - INFO - 574 Loaded from pickle.
2022-02-28 18:42:11,311 - PREPROCESS - INFO - 574 preprocessed: 0.0016608238220214844 Done:21960
2022-02-28 18:42:11,314 - PREPROCESS - INFO - 740 Loaded from pickle.
2022-02-28 18:42:11,314 - PREPROCESS - INFO - 740 preprocessed: 0.0017898082733154297 Done:22050
2022-02-28 18:42:11,318 - PREPROCESS - INFO - 558 Loaded from pickle.
2022-02-28 18:42:11,318 - PREPROCESS - INFO - 558 preprocessed: 0.001585245132446289 Done:22140
2022-02-28 18:42:11,321 - PREPROCESS - INFO - 126 Loaded from pickle.
2022-02-28 18:42:11,321 - PREPROCESS - INFO - 126 preprocessed: 0.0016093254089355469 Done:22230
2022-02-28 18:42:11,325 - PREPROCESS - INFO - 484 Loaded from pickle.
2022-02-28 18:42:11,325 - PREPROCESS - INFO - 484 preprocessed: 0.0019693374633789062 Done:22320
2022-02-28 18:42:11,330 - PREPROCESS - INFO - 763 Loaded from pickle.
2022-02-28 18:42:11,330 - PREPROCESS - INFO - 763 preprocessed: 0.001659393310546875 Done:22410
2022-02-28 18:42:11,334 - PREPROCESS - INFO - 214 Loaded from pickle.
2022-02-28 18:42:11,334 - PREPROCESS - INFO - 214 preprocessed: 0.002079010009765625 Done:22500
2022-02-28 18:42:11,340 - PREPROCESS - INFO - 135 Loaded from pickle.
2022-02-28 18:42:11,340 - PREPROCESS - INFO - 135 preprocessed: 0.0015234947204589844 Done:22590
2022-02-28 18:42:11,348 - PREPROCESS - INFO - 608 Loaded from pickle.
2022-02-28 18:42:11,348 - PREPROCESS - INFO - 608 preprocessed: 0.002103090286254883 Done:22680
2022-02-28 18:42:11,352 - PREPROCESS - INFO - 957 Loaded from pickle.
2022-02-28 18:42:11,352 - PREPROCESS - INFO - 957 preprocessed: 0.0024971961975097656 Done:22770
2022-02-28 18:42:11,357 - PREPROCESS - INFO - 934 Loaded from pickle.
2022-02-28 18:42:11,357 - PREPROCESS - INFO - 934 preprocessed: 0.0018787384033203125 Done:22860
2022-02-28 18:42:11,362 - PREPROCESS - INFO - 841 Loaded from pickle.
2022-02-28 18:42:11,362 - PREPROCESS - INFO - 841 preprocessed: 0.0019540786743164062 Done:22950
2022-02-28 18:42:11,366 - PREPROCESS - INFO - 13 Loaded from pickle.
2022-02-28 18:42:11,366 - PREPROCESS - INFO - 13 preprocessed: 0.0018401145935058594 Done:23040
2022-02-28 18:42:11,370 - PREPROCESS - INFO - 663 Loaded from pickle.
2022-02-28 18:42:11,370 - PREPROCESS - INFO - 663 preprocessed: 0.0017039775848388672 Done:23130
2022-02-28 18:42:11,376 - PREPROCESS - INFO - 489 Loaded from pickle.
2022-02-28 18:42:11,376 - PREPROCESS - INFO - 489 preprocessed: 0.0017197132110595703 Done:23220
2022-02-28 18:42:11,381 - PREPROCESS - INFO - 979 Loaded from pickle.
2022-02-28 18:42:11,382 - PREPROCESS - INFO - 979 preprocessed: 0.0017468929290771484 Done:23310
2022-02-28 18:42:11,387 - PREPROCESS - INFO - 44 Loaded from pickle.
2022-02-28 18:42:11,387 - PREPROCESS - INFO - 44 preprocessed: 0.002026081085205078 Done:23400
2022-02-28 18:42:11,392 - PREPROCESS - INFO - 212 Loaded from pickle.
2022-02-28 18:42:11,392 - PREPROCESS - INFO - 212 preprocessed: 0.0018231868743896484 Done:23490
2022-02-28 18:42:11,397 - PREPROCESS - INFO - 397 Loaded from pickle.
2022-02-28 18:42:11,397 - PREPROCESS - INFO - 397 preprocessed: 0.002434968948364258 Done:23580
2022-02-28 18:42:11,403 - PREPROCESS - INFO - 799 Loaded from pickle.
2022-02-28 18:42:11,403 - PREPROCESS - INFO - 799 preprocessed: 0.0019049644470214844 Done:23670
2022-02-28 18:42:11,408 - PREPROCESS - INFO - 523 Loaded from pickle.
2022-02-28 18:42:11,408 - PREPROCESS - INFO - 523 preprocessed: 0.0019817352294921875 Done:23760
2022-02-28 18:42:11,412 - PREPROCESS - INFO - 779 Loaded from pickle.
2022-02-28 18:42:11,412 - PREPROCESS - INFO - 779 preprocessed: 0.0018346309661865234 Done:23850
2022-02-28 18:42:11,418 - PREPROCESS - INFO - 899 Loaded from pickle.
2022-02-28 18:42:11,418 - PREPROCESS - INFO - 899 preprocessed: 0.0016508102416992188 Done:23940
2022-02-28 18:42:11,422 - PREPROCESS - INFO - 993 Loaded from pickle.
2022-02-28 18:42:11,422 - PREPROCESS - INFO - 993 preprocessed: 0.0015163421630859375 Done:24030
2022-02-28 18:42:11,424 - PREPROCESS - INFO - 181 Loaded from pickle.
2022-02-28 18:42:11,424 - PREPROCESS - INFO - 181 preprocessed: 0.0014424324035644531 Done:24120
2022-02-28 18:42:11,429 - PREPROCESS - INFO - 980 Loaded from pickle.
2022-02-28 18:42:11,429 - PREPROCESS - INFO - 980 preprocessed: 0.0016133785247802734 Done:24210
2022-02-28 18:42:11,434 - PREPROCESS - INFO - 319 Loaded from pickle.
2022-02-28 18:42:11,434 - PREPROCESS - INFO - 319 preprocessed: 0.0018002986907958984 Done:24300
2022-02-28 18:42:11,437 - PREPROCESS - INFO - 161 Loaded from pickle.
2022-02-28 18:42:11,437 - PREPROCESS - INFO - 161 preprocessed: 0.0015416145324707031 Done:24390
2022-02-28 18:42:11,441 - PREPROCESS - INFO - 731 Loaded from pickle.
2022-02-28 18:42:11,441 - PREPROCESS - INFO - 731 preprocessed: 0.0017535686492919922 Done:24480
2022-02-28 18:42:11,445 - PREPROCESS - INFO - 219 Loaded from pickle.
2022-02-28 18:42:11,445 - PREPROCESS - INFO - 219 preprocessed: 0.0017066001892089844 Done:24570
2022-02-28 18:42:11,449 - PREPROCESS - INFO - 925 Loaded from pickle.
2022-02-28 18:42:11,449 - PREPROCESS - INFO - 925 preprocessed: 0.0016586780548095703 Done:24660
2022-02-28 18:42:11,456 - PREPROCESS - INFO - 85 Loaded from pickle.
2022-02-28 18:42:11,456 - PREPROCESS - INFO - 85 preprocessed: 0.0019304752349853516 Done:24750
2022-02-28 18:42:11,461 - PREPROCESS - INFO - 746 Loaded from pickle.
2022-02-28 18:42:11,461 - PREPROCESS - INFO - 746 preprocessed: 0.0018837451934814453 Done:24840
2022-02-28 18:42:11,466 - PREPROCESS - INFO - 54 Loaded from pickle.
2022-02-28 18:42:11,467 - PREPROCESS - INFO - 54 preprocessed: 0.0017070770263671875 Done:24930
2022-02-28 18:42:11,470 - PREPROCESS - INFO - 544 Loaded from pickle.
2022-02-28 18:42:11,471 - PREPROCESS - INFO - 544 preprocessed: 0.0017414093017578125 Done:25020
2022-02-28 18:42:11,477 - PREPROCESS - INFO - 797 Loaded from pickle.
2022-02-28 18:42:11,478 - PREPROCESS - INFO - 797 preprocessed: 0.0021898746490478516 Done:25110
2022-02-28 18:42:11,484 - PREPROCESS - INFO - 307 Loaded from pickle.
2022-02-28 18:42:11,484 - PREPROCESS - INFO - 307 preprocessed: 0.0019860267639160156 Done:25200
2022-02-28 18:42:11,489 - PREPROCESS - INFO - 884 Loaded from pickle.
2022-02-28 18:42:11,489 - PREPROCESS - INFO - 884 preprocessed: 0.002115488052368164 Done:25290
2022-02-28 18:42:11,494 - PREPROCESS - INFO - 303 Loaded from pickle.
2022-02-28 18:42:11,494 - PREPROCESS - INFO - 303 preprocessed: 0.002371072769165039 Done:25380
2022-02-28 18:42:11,501 - PREPROCESS - INFO - 110 Loaded from pickle.
2022-02-28 18:42:11,501 - PREPROCESS - INFO - 110 preprocessed: 0.0020236968994140625 Done:25470
2022-02-28 18:42:11,507 - PREPROCESS - INFO - 347 Loaded from pickle.
2022-02-28 18:42:11,507 - PREPROCESS - INFO - 347 preprocessed: 0.0017838478088378906 Done:25560
2022-02-28 18:42:11,512 - PREPROCESS - INFO - 994 Loaded from pickle.
2022-02-28 18:42:11,512 - PREPROCESS - INFO - 994 preprocessed: 0.0021102428436279297 Done:25650
2022-02-28 18:42:11,520 - PREPROCESS - INFO - 594 Loaded from pickle.
2022-02-28 18:42:11,521 - PREPROCESS - INFO - 594 preprocessed: 0.002839803695678711 Done:25740
2022-02-28 18:42:11,525 - PREPROCESS - INFO - 260 Loaded from pickle.
2022-02-28 18:42:11,525 - PREPROCESS - INFO - 260 preprocessed: 0.0021715164184570312 Done:25830
2022-02-28 18:42:11,530 - PREPROCESS - INFO - 404 Loaded from pickle.
2022-02-28 18:42:11,530 - PREPROCESS - INFO - 404 preprocessed: 0.002317667007446289 Done:25920
2022-02-28 18:42:11,537 - PREPROCESS - INFO - 658 Loaded from pickle.
2022-02-28 18:42:11,537 - PREPROCESS - INFO - 658 preprocessed: 0.0018432140350341797 Done:26010
2022-02-28 18:42:11,541 - PREPROCESS - INFO - 677 Loaded from pickle.
2022-02-28 18:42:11,541 - PREPROCESS - INFO - 677 preprocessed: 0.001966238021850586 Done:26100
2022-02-28 18:42:11,546 - PREPROCESS - INFO - 939 Loaded from pickle.
2022-02-28 18:42:11,546 - PREPROCESS - INFO - 939 preprocessed: 0.002094268798828125 Done:26190
2022-02-28 18:42:11,552 - PREPROCESS - INFO - 203 Loaded from pickle.
2022-02-28 18:42:11,552 - PREPROCESS - INFO - 203 preprocessed: 0.002369403839111328 Done:26280
2022-02-28 18:42:11,558 - PREPROCESS - INFO - 660 Loaded from pickle.
2022-02-28 18:42:11,558 - PREPROCESS - INFO - 660 preprocessed: 0.0019316673278808594 Done:26370
2022-02-28 18:42:11,563 - PREPROCESS - INFO - 379 Loaded from pickle.
2022-02-28 18:42:11,563 - PREPROCESS - INFO - 379 preprocessed: 0.002407550811767578 Done:26460
2022-02-28 18:42:41,878 - PREPROCESS - INFO - Data Preprocessing Session started!!
2022-02-28 18:43:20,985 - PREPROCESS - INFO - Data Preprocessing Session started!!
2022-02-28 18:43:44,132 - PREPROCESS - INFO - Data Preprocessing Session started!!
2022-02-28 18:43:48,299 - PREPROCESS - INFO - Setting Shape
2022-02-28 18:43:48,996 - PREPROCESS - INFO - Selected Out: arousal (None, 1)
2022-02-28 18:43:49,033 - PREPROCESS - INFO - Setting Shape
2022-02-28 18:43:49,053 - PREPROCESS - INFO - Selected Out: arousal (None, 1)
2022-02-28 18:43:56,362 - PREPROCESS - INFO - 423 Loaded from pickle.
2022-02-28 18:43:56,362 - PREPROCESS - INFO - 423 preprocessed: 0.0025467872619628906 Done:90
2022-02-28 18:43:56,366 - PREPROCESS - INFO - 791 Loaded from pickle.
2022-02-28 18:43:56,366 - PREPROCESS - INFO - 791 preprocessed: 0.0010325908660888672 Done:180
2022-02-28 18:43:56,371 - PREPROCESS - INFO - 89 Loaded from pickle.
2022-02-28 18:43:56,371 - PREPROCESS - INFO - 89 preprocessed: 0.001901388168334961 Done:270
2022-02-28 18:43:56,373 - PREPROCESS - INFO - 608 Loaded from pickle.
2022-02-28 18:43:56,374 - PREPROCESS - INFO - 608 preprocessed: 0.0009033679962158203 Done:360
2022-02-28 18:43:56,377 - PREPROCESS - INFO - 997 Loaded from pickle.
2022-02-28 18:43:56,378 - PREPROCESS - INFO - 997 preprocessed: 0.0019216537475585938 Done:450
2022-02-28 18:43:56,383 - PREPROCESS - INFO - 354 Loaded from pickle.
2022-02-28 18:43:56,383 - PREPROCESS - INFO - 354 preprocessed: 0.0019881725311279297 Done:540
2022-02-28 18:43:56,387 - PREPROCESS - INFO - 504 Loaded from pickle.
2022-02-28 18:43:56,387 - PREPROCESS - INFO - 504 preprocessed: 0.0022614002227783203 Done:630
2022-02-28 18:43:56,390 - PREPROCESS - INFO - 19 Loaded from pickle.
2022-02-28 18:43:56,390 - PREPROCESS - INFO - 19 preprocessed: 0.0014295578002929688 Done:720
2022-02-28 18:43:56,394 - PREPROCESS - INFO - 53 Loaded from pickle.
2022-02-28 18:43:56,394 - PREPROCESS - INFO - 53 preprocessed: 0.0021398067474365234 Done:810
2022-02-28 18:43:56,398 - PREPROCESS - INFO - 498 Loaded from pickle.
2022-02-28 18:43:56,398 - PREPROCESS - INFO - 498 preprocessed: 0.001531362533569336 Done:900
2022-02-28 18:43:56,402 - PREPROCESS - INFO - 565 Loaded from pickle.
2022-02-28 18:43:56,402 - PREPROCESS - INFO - 565 preprocessed: 0.001983642578125 Done:990
2022-02-28 18:43:56,406 - PREPROCESS - INFO - 662 Loaded from pickle.
2022-02-28 18:43:56,406 - PREPROCESS - INFO - 662 preprocessed: 0.002220630645751953 Done:1080
2022-02-28 18:43:56,410 - PREPROCESS - INFO - 325 Loaded from pickle.
2022-02-28 18:43:56,410 - PREPROCESS - INFO - 325 preprocessed: 0.0015482902526855469 Done:1170
2022-02-28 18:43:56,412 - PREPROCESS - INFO - 119 Loaded from pickle.
2022-02-28 18:43:56,412 - PREPROCESS - INFO - 119 preprocessed: 0.0013468265533447266 Done:1260
2022-02-28 18:43:56,416 - PREPROCESS - INFO - 735 Loaded from pickle.
2022-02-28 18:43:56,416 - PREPROCESS - INFO - 735 preprocessed: 0.001781463623046875 Done:1350
2022-02-28 18:43:56,420 - PREPROCESS - INFO - 693 Loaded from pickle.
2022-02-28 18:43:56,420 - PREPROCESS - INFO - 693 preprocessed: 0.0014727115631103516 Done:1440
2022-02-28 18:43:56,424 - PREPROCESS - INFO - 402 Loaded from pickle.
2022-02-28 18:43:56,424 - PREPROCESS - INFO - 402 preprocessed: 0.0014426708221435547 Done:1530
2022-02-28 18:43:56,428 - PREPROCESS - INFO - 480 Loaded from pickle.
2022-02-28 18:43:56,428 - PREPROCESS - INFO - 480 preprocessed: 0.0015311241149902344 Done:1620
2022-02-28 18:43:56,430 - PREPROCESS - INFO - 484 Loaded from pickle.
2022-02-28 18:43:56,430 - PREPROCESS - INFO - 484 preprocessed: 0.0006012916564941406 Done:1710
2022-02-28 18:43:56,433 - PREPROCESS - INFO - 736 Loaded from pickle.
2022-02-28 18:43:56,433 - PREPROCESS - INFO - 736 preprocessed: 0.0015285015106201172 Done:1800
2022-02-28 18:43:56,436 - PREPROCESS - INFO - 293 Loaded from pickle.
2022-02-28 18:43:56,436 - PREPROCESS - INFO - 293 preprocessed: 0.0015633106231689453 Done:1890
2022-02-28 18:43:56,442 - PREPROCESS - INFO - 789 Loaded from pickle.
2022-02-28 18:43:56,442 - PREPROCESS - INFO - 789 preprocessed: 0.0006015300750732422 Done:1980
2022-02-28 18:43:56,446 - PREPROCESS - INFO - 298 Loaded from pickle.
2022-02-28 18:43:56,446 - PREPROCESS - INFO - 298 preprocessed: 0.0015985965728759766 Done:2070
2022-02-28 18:43:56,448 - PREPROCESS - INFO - 177 Loaded from pickle.
2022-02-28 18:43:56,448 - PREPROCESS - INFO - 177 preprocessed: 0.0008509159088134766 Done:2160
2022-02-28 18:43:56,451 - PREPROCESS - INFO - 56 Loaded from pickle.
2022-02-28 18:43:56,451 - PREPROCESS - INFO - 56 preprocessed: 0.0013914108276367188 Done:2250
2022-02-28 18:43:56,458 - PREPROCESS - INFO - 426 Loaded from pickle.
2022-02-28 18:43:56,458 - PREPROCESS - INFO - 426 preprocessed: 0.001895904541015625 Done:2340
2022-02-28 18:43:56,463 - PREPROCESS - INFO - 990 Loaded from pickle.
2022-02-28 18:43:56,463 - PREPROCESS - INFO - 990 preprocessed: 0.0025043487548828125 Done:2430
2022-02-28 18:43:56,469 - PREPROCESS - INFO - 651 Loaded from pickle.
2022-02-28 18:43:56,469 - PREPROCESS - INFO - 651 preprocessed: 0.0016531944274902344 Done:2520
2022-02-28 18:43:56,472 - PREPROCESS - INFO - 629 Loaded from pickle.
2022-02-28 18:43:56,472 - PREPROCESS - INFO - 629 preprocessed: 0.0007364749908447266 Done:2610
2022-02-28 18:43:56,475 - PREPROCESS - INFO - 116 Loaded from pickle.
2022-02-28 18:43:56,475 - PREPROCESS - INFO - 116 preprocessed: 0.0012683868408203125 Done:2700
2022-02-28 18:43:56,478 - PREPROCESS - INFO - 769 Loaded from pickle.
2022-02-28 18:43:56,478 - PREPROCESS - INFO - 769 preprocessed: 0.0007476806640625 Done:2790
2022-02-28 18:43:56,485 - PREPROCESS - INFO - 343 Loaded from pickle.
2022-02-28 18:43:56,485 - PREPROCESS - INFO - 343 preprocessed: 0.0030405521392822266 Done:2880
2022-02-28 18:43:56,489 - PREPROCESS - INFO - 782 Loaded from pickle.
2022-02-28 18:43:56,489 - PREPROCESS - INFO - 782 preprocessed: 0.0019381046295166016 Done:2970
2022-02-28 18:43:56,492 - PREPROCESS - INFO - 676 Loaded from pickle.
2022-02-28 18:43:56,492 - PREPROCESS - INFO - 676 preprocessed: 0.0011124610900878906 Done:3060
2022-02-28 18:43:56,497 - PREPROCESS - INFO - 315 Loaded from pickle.
2022-02-28 18:43:56,497 - PREPROCESS - INFO - 315 preprocessed: 0.0017762184143066406 Done:3150
2022-02-28 18:43:56,499 - PREPROCESS - INFO - 819 Loaded from pickle.
2022-02-28 18:43:56,499 - PREPROCESS - INFO - 819 preprocessed: 0.000858306884765625 Done:3240
2022-02-28 18:43:56,501 - PREPROCESS - INFO - 993 Loaded from pickle.
2022-02-28 18:43:56,502 - PREPROCESS - INFO - 993 preprocessed: 0.0009019374847412109 Done:3330
2022-02-28 18:43:56,505 - PREPROCESS - INFO - 681 Loaded from pickle.
2022-02-28 18:43:56,505 - PREPROCESS - INFO - 681 preprocessed: 0.0018889904022216797 Done:3420
2022-02-28 18:43:56,507 - PREPROCESS - INFO - 665 Loaded from pickle.
2022-02-28 18:43:56,507 - PREPROCESS - INFO - 665 preprocessed: 0.0009002685546875 Done:3510
2022-02-28 18:43:56,510 - PREPROCESS - INFO - 32 Loaded from pickle.
2022-02-28 18:43:56,510 - PREPROCESS - INFO - 32 preprocessed: 0.0008518695831298828 Done:3600
2022-02-28 18:43:56,513 - PREPROCESS - INFO - 339 Loaded from pickle.
2022-02-28 18:43:56,513 - PREPROCESS - INFO - 339 preprocessed: 0.00215911865234375 Done:3690
2022-02-28 18:43:56,517 - PREPROCESS - INFO - 537 Loaded from pickle.
2022-02-28 18:43:56,517 - PREPROCESS - INFO - 537 preprocessed: 0.0018417835235595703 Done:3780
2022-02-28 18:43:56,520 - PREPROCESS - INFO - 150 Loaded from pickle.
2022-02-28 18:43:56,520 - PREPROCESS - INFO - 150 preprocessed: 0.0013871192932128906 Done:3870
2022-02-28 18:43:56,524 - PREPROCESS - INFO - 68 Loaded from pickle.
2022-02-28 18:43:56,524 - PREPROCESS - INFO - 68 preprocessed: 0.0018582344055175781 Done:3960
2022-02-28 18:43:56,530 - PREPROCESS - INFO - 764 Loaded from pickle.
2022-02-28 18:43:56,530 - PREPROCESS - INFO - 764 preprocessed: 0.002102375030517578 Done:4050
2022-02-28 18:43:56,535 - PREPROCESS - INFO - 831 Loaded from pickle.
2022-02-28 18:43:56,535 - PREPROCESS - INFO - 831 preprocessed: 0.00264739990234375 Done:4140
2022-02-28 18:43:56,544 - PREPROCESS - INFO - 623 Loaded from pickle.
2022-02-28 18:43:56,544 - PREPROCESS - INFO - 623 preprocessed: 0.0010571479797363281 Done:4230
2022-02-28 18:43:56,546 - PREPROCESS - INFO - 780 Loaded from pickle.
2022-02-28 18:43:56,547 - PREPROCESS - INFO - 780 preprocessed: 0.0008132457733154297 Done:4320
2022-02-28 18:43:56,550 - PREPROCESS - INFO - 73 Loaded from pickle.
2022-02-28 18:43:56,550 - PREPROCESS - INFO - 73 preprocessed: 0.0008416175842285156 Done:4410
2022-02-28 18:43:56,552 - PREPROCESS - INFO - 879 Loaded from pickle.
2022-02-28 18:43:56,552 - PREPROCESS - INFO - 879 preprocessed: 0.0010991096496582031 Done:4500
2022-02-28 18:43:56,556 - PREPROCESS - INFO - 796 Loaded from pickle.
2022-02-28 18:43:56,556 - PREPROCESS - INFO - 796 preprocessed: 0.0017690658569335938 Done:4590
2022-02-28 18:43:56,561 - PREPROCESS - INFO - 724 Loaded from pickle.
2022-02-28 18:43:56,561 - PREPROCESS - INFO - 724 preprocessed: 0.0026798248291015625 Done:4680
2022-02-28 18:43:56,564 - PREPROCESS - INFO - 893 Loaded from pickle.
2022-02-28 18:43:56,564 - PREPROCESS - INFO - 893 preprocessed: 0.0017664432525634766 Done:4770
2022-02-28 18:43:56,568 - PREPROCESS - INFO - 844 Loaded from pickle.
2022-02-28 18:43:56,568 - PREPROCESS - INFO - 844 preprocessed: 0.0019996166229248047 Done:4860
2022-02-28 18:43:56,572 - PREPROCESS - INFO - 258 Loaded from pickle.
2022-02-28 18:43:56,572 - PREPROCESS - INFO - 258 preprocessed: 0.0014646053314208984 Done:4950
2022-02-28 18:43:56,576 - PREPROCESS - INFO - 208 Loaded from pickle.
2022-02-28 18:43:56,576 - PREPROCESS - INFO - 208 preprocessed: 0.0015850067138671875 Done:5040
2022-02-28 18:43:56,580 - PREPROCESS - INFO - 91 Loaded from pickle.
2022-02-28 18:43:56,580 - PREPROCESS - INFO - 91 preprocessed: 0.0016617774963378906 Done:5130
2022-02-28 18:43:56,583 - PREPROCESS - INFO - 136 Loaded from pickle.
2022-02-28 18:43:56,583 - PREPROCESS - INFO - 136 preprocessed: 0.0015971660614013672 Done:5220
2022-02-28 18:43:56,586 - PREPROCESS - INFO - 135 Loaded from pickle.
2022-02-28 18:43:56,586 - PREPROCESS - INFO - 135 preprocessed: 0.0013108253479003906 Done:5310
2022-02-28 18:43:56,591 - PREPROCESS - INFO - 112 Loaded from pickle.
2022-02-28 18:43:56,591 - PREPROCESS - INFO - 112 preprocessed: 0.0031769275665283203 Done:5400
2022-02-28 18:43:56,593 - PREPROCESS - INFO - 673 Loaded from pickle.
2022-02-28 18:43:56,593 - PREPROCESS - INFO - 673 preprocessed: 0.001033782958984375 Done:5490
2022-02-28 18:43:56,597 - PREPROCESS - INFO - 60 Loaded from pickle.
2022-02-28 18:43:56,597 - PREPROCESS - INFO - 60 preprocessed: 0.00197601318359375 Done:5580
2022-02-28 18:43:56,602 - PREPROCESS - INFO - 564 Loaded from pickle.
2022-02-28 18:43:56,602 - PREPROCESS - INFO - 564 preprocessed: 0.0019145011901855469 Done:5670
2022-02-28 18:43:56,604 - PREPROCESS - INFO - 707 Loaded from pickle.
2022-02-28 18:43:56,605 - PREPROCESS - INFO - 707 preprocessed: 0.0008270740509033203 Done:5760
2022-02-28 18:43:56,610 - PREPROCESS - INFO - 845 Loaded from pickle.
2022-02-28 18:43:56,610 - PREPROCESS - INFO - 845 preprocessed: 0.0026450157165527344 Done:5850
2022-02-28 18:43:56,614 - PREPROCESS - INFO - 125 Loaded from pickle.
2022-02-28 18:43:56,614 - PREPROCESS - INFO - 125 preprocessed: 0.0018088817596435547 Done:5940
2022-02-28 18:43:56,619 - PREPROCESS - INFO - 956 Loaded from pickle.
2022-02-28 18:43:56,619 - PREPROCESS - INFO - 956 preprocessed: 0.0012199878692626953 Done:6030
2022-02-28 18:43:56,624 - PREPROCESS - INFO - 103 Loaded from pickle.
2022-02-28 18:43:56,625 - PREPROCESS - INFO - 103 preprocessed: 0.0031630992889404297 Done:6120
2022-02-28 18:43:56,628 - PREPROCESS - INFO - 307 Loaded from pickle.
2022-02-28 18:43:56,628 - PREPROCESS - INFO - 307 preprocessed: 0.0010142326354980469 Done:6210
2022-02-28 18:43:56,632 - PREPROCESS - INFO - 815 Loaded from pickle.
2022-02-28 18:43:56,633 - PREPROCESS - INFO - 815 preprocessed: 0.0010132789611816406 Done:6300
2022-02-28 18:43:56,637 - PREPROCESS - INFO - 874 Loaded from pickle.
2022-02-28 18:43:56,638 - PREPROCESS - INFO - 874 preprocessed: 0.0014934539794921875 Done:6390
2022-02-28 18:43:56,641 - PREPROCESS - INFO - 327 Loaded from pickle.
2022-02-28 18:43:56,641 - PREPROCESS - INFO - 327 preprocessed: 0.0022945404052734375 Done:6480
2022-02-28 18:43:56,645 - PREPROCESS - INFO - 932 Loaded from pickle.
2022-02-28 18:43:56,645 - PREPROCESS - INFO - 932 preprocessed: 0.0014984607696533203 Done:6570
2022-02-28 18:43:56,649 - PREPROCESS - INFO - 898 Loaded from pickle.
2022-02-28 18:43:56,649 - PREPROCESS - INFO - 898 preprocessed: 0.0015578269958496094 Done:6660
2022-02-28 18:43:56,653 - PREPROCESS - INFO - 37 Loaded from pickle.
2022-02-28 18:43:56,653 - PREPROCESS - INFO - 37 preprocessed: 0.001903533935546875 Done:6750
2022-02-28 18:43:56,655 - PREPROCESS - INFO - 146 Loaded from pickle.
2022-02-28 18:43:56,655 - PREPROCESS - INFO - 146 preprocessed: 0.0006940364837646484 Done:6840
2022-02-28 18:43:56,672 - PREPROCESS - INFO - 430 Loaded from pickle.
2022-02-28 18:43:56,672 - PREPROCESS - INFO - 430 preprocessed: 0.008351564407348633 Done:6930
2022-02-28 18:43:56,728 - PREPROCESS - INFO - 436 Loaded from pickle.
2022-02-28 18:43:56,728 - PREPROCESS - INFO - 436 preprocessed: 0.025674104690551758 Done:7020
2022-02-28 18:43:56,787 - PREPROCESS - INFO - 502 Loaded from pickle.
2022-02-28 18:43:56,787 - PREPROCESS - INFO - 502 preprocessed: 0.007883548736572266 Done:7110
2022-02-28 18:43:56,868 - PREPROCESS - INFO - 540 Loaded from pickle.
2022-02-28 18:43:56,868 - PREPROCESS - INFO - 540 preprocessed: 0.014736652374267578 Done:7200
2022-02-28 18:43:56,885 - PREPROCESS - INFO - 723 Loaded from pickle.
2022-02-28 18:43:56,885 - PREPROCESS - INFO - 723 preprocessed: 0.005860567092895508 Done:7290
2022-02-28 18:43:56,911 - PREPROCESS - INFO - 579 Loaded from pickle.
2022-02-28 18:43:56,911 - PREPROCESS - INFO - 579 preprocessed: 0.012720584869384766 Done:7380
2022-02-28 18:43:56,959 - PREPROCESS - INFO - 908 Loaded from pickle.
2022-02-28 18:43:56,959 - PREPROCESS - INFO - 908 preprocessed: 0.011919736862182617 Done:7470
2022-02-28 18:43:56,965 - PREPROCESS - INFO - 829 Loaded from pickle.
2022-02-28 18:43:56,965 - PREPROCESS - INFO - 829 preprocessed: 0.0018503665924072266 Done:7560
2022-02-28 18:43:56,969 - PREPROCESS - INFO - 158 Loaded from pickle.
2022-02-28 18:43:56,969 - PREPROCESS - INFO - 158 preprocessed: 0.0019345283508300781 Done:7650
2022-02-28 18:43:56,999 - PREPROCESS - INFO - 479 Loaded from pickle.
2022-02-28 18:43:56,999 - PREPROCESS - INFO - 479 preprocessed: 0.01915287971496582 Done:7740
2022-02-28 18:43:57,049 - PREPROCESS - INFO - 482 Loaded from pickle.
2022-02-28 18:43:57,049 - PREPROCESS - INFO - 482 preprocessed: 0.016258955001831055 Done:7830
2022-02-28 18:43:57,091 - PREPROCESS - INFO - 167 Loaded from pickle.
2022-02-28 18:43:57,091 - PREPROCESS - INFO - 167 preprocessed: 0.021737098693847656 Done:7920
2022-02-28 18:43:57,189 - PREPROCESS - INFO - 727 Loaded from pickle.
2022-02-28 18:43:57,189 - PREPROCESS - INFO - 727 preprocessed: 0.01930522918701172 Done:8010
2022-02-28 18:43:57,299 - PREPROCESS - INFO - 653 Loaded from pickle.
2022-02-28 18:43:57,300 - PREPROCESS - INFO - 653 preprocessed: 0.015028953552246094 Done:8100
2022-02-28 18:43:57,362 - PREPROCESS - INFO - 174 Loaded from pickle.
2022-02-28 18:43:57,362 - PREPROCESS - INFO - 174 preprocessed: 0.017055988311767578 Done:8190
2022-02-28 18:43:57,383 - PREPROCESS - INFO - 176 Loaded from pickle.
2022-02-28 18:43:57,383 - PREPROCESS - INFO - 176 preprocessed: 0.0007352828979492188 Done:8280
2022-02-28 18:43:57,387 - PREPROCESS - INFO - 493 Loaded from pickle.
2022-02-28 18:43:57,387 - PREPROCESS - INFO - 493 preprocessed: 0.001180410385131836 Done:8370
2022-02-28 18:43:57,393 - PREPROCESS - INFO - 949 Loaded from pickle.
2022-02-28 18:43:57,393 - PREPROCESS - INFO - 949 preprocessed: 0.002507448196411133 Done:8460
2022-02-28 18:43:57,397 - PREPROCESS - INFO - 609 Loaded from pickle.
2022-02-28 18:43:57,397 - PREPROCESS - INFO - 609 preprocessed: 0.002029895782470703 Done:8550
2022-02-28 18:43:57,401 - PREPROCESS - INFO - 440 Loaded from pickle.
2022-02-28 18:43:57,401 - PREPROCESS - INFO - 440 preprocessed: 0.001961946487426758 Done:8640
2022-02-28 18:43:57,405 - PREPROCESS - INFO - 212 Loaded from pickle.
2022-02-28 18:43:57,405 - PREPROCESS - INFO - 212 preprocessed: 0.0010223388671875 Done:8730
2022-02-28 18:43:57,413 - PREPROCESS - INFO - 710 Loaded from pickle.
2022-02-28 18:43:57,413 - PREPROCESS - INFO - 710 preprocessed: 0.002002716064453125 Done:8820
2022-02-28 18:43:57,416 - PREPROCESS - INFO - 574 Loaded from pickle.
2022-02-28 18:43:57,416 - PREPROCESS - INFO - 574 preprocessed: 0.0016818046569824219 Done:8910
2022-02-28 18:43:57,420 - PREPROCESS - INFO - 444 Loaded from pickle.
2022-02-28 18:43:57,420 - PREPROCESS - INFO - 444 preprocessed: 0.0019745826721191406 Done:9000
2022-02-28 18:43:57,425 - PREPROCESS - INFO - 692 Loaded from pickle.
2022-02-28 18:43:57,425 - PREPROCESS - INFO - 692 preprocessed: 0.002267122268676758 Done:9090
2022-02-28 18:43:57,428 - PREPROCESS - INFO - 551 Loaded from pickle.
2022-02-28 18:43:57,429 - PREPROCESS - INFO - 551 preprocessed: 0.0006852149963378906 Done:9180
2022-02-28 18:43:57,435 - PREPROCESS - INFO - 432 Loaded from pickle.
2022-02-28 18:43:57,435 - PREPROCESS - INFO - 432 preprocessed: 0.003205537796020508 Done:9270
2022-02-28 18:43:57,468 - PREPROCESS - INFO - 193 Loaded from pickle.
2022-02-28 18:43:57,468 - PREPROCESS - INFO - 193 preprocessed: 0.002462625503540039 Done:9360
2022-02-28 18:43:57,536 - PREPROCESS - INFO - 386 Loaded from pickle.
2022-02-28 18:43:57,536 - PREPROCESS - INFO - 386 preprocessed: 0.003695249557495117 Done:9450
2022-02-28 18:43:57,548 - PREPROCESS - INFO - 350 Loaded from pickle.
2022-02-28 18:43:57,548 - PREPROCESS - INFO - 350 preprocessed: 0.008316993713378906 Done:9540
2022-02-28 18:43:57,626 - PREPROCESS - INFO - 820 Loaded from pickle.
2022-02-28 18:43:57,626 - PREPROCESS - INFO - 820 preprocessed: 0.014017343521118164 Done:9630
2022-02-28 18:43:57,654 - PREPROCESS - INFO - 8 Loaded from pickle.
2022-02-28 18:43:57,654 - PREPROCESS - INFO - 8 preprocessed: 0.007257223129272461 Done:9720
2022-02-28 18:43:57,692 - PREPROCESS - INFO - 406 Loaded from pickle.
2022-02-28 18:43:57,692 - PREPROCESS - INFO - 406 preprocessed: 0.01374959945678711 Done:9810
2022-02-28 18:43:57,742 - PREPROCESS - INFO - 101 Loaded from pickle.
2022-02-28 18:43:57,742 - PREPROCESS - INFO - 101 preprocessed: 0.008987903594970703 Done:9900
2022-02-28 18:43:57,786 - PREPROCESS - INFO - 686 Loaded from pickle.
2022-02-28 18:43:57,786 - PREPROCESS - INFO - 686 preprocessed: 0.0255734920501709 Done:9990
2022-02-28 18:43:57,844 - PREPROCESS - INFO - 746 Loaded from pickle.
2022-02-28 18:43:57,844 - PREPROCESS - INFO - 746 preprocessed: 0.008735179901123047 Done:10080
2022-02-28 18:43:57,914 - PREPROCESS - INFO - 839 Loaded from pickle.
2022-02-28 18:43:57,914 - PREPROCESS - INFO - 839 preprocessed: 0.02947854995727539 Done:10170
2022-02-28 18:43:58,009 - PREPROCESS - INFO - 226 Loaded from pickle.
2022-02-28 18:43:58,009 - PREPROCESS - INFO - 226 preprocessed: 0.032941341400146484 Done:10260
2022-02-28 18:43:58,052 - PREPROCESS - INFO - 983 Loaded from pickle.
2022-02-28 18:43:58,052 - PREPROCESS - INFO - 983 preprocessed: 0.01396036148071289 Done:10350
2022-02-28 18:43:58,114 - PREPROCESS - INFO - 698 Loaded from pickle.
2022-02-28 18:43:58,115 - PREPROCESS - INFO - 698 preprocessed: 0.0106048583984375 Done:10440
2022-02-28 18:43:58,156 - PREPROCESS - INFO - 732 Loaded from pickle.
2022-02-28 18:43:58,156 - PREPROCESS - INFO - 732 preprocessed: 0.024927616119384766 Done:10530
2022-02-28 18:43:58,182 - PREPROCESS - INFO - 897 Loaded from pickle.
2022-02-28 18:43:58,182 - PREPROCESS - INFO - 897 preprocessed: 0.004398345947265625 Done:10620
2022-02-28 18:43:58,219 - PREPROCESS - INFO - 360 Loaded from pickle.
2022-02-28 18:43:58,220 - PREPROCESS - INFO - 360 preprocessed: 0.005368947982788086 Done:10710
2022-02-28 18:43:58,436 - PREPROCESS - INFO - 804 Loaded from pickle.
2022-02-28 18:43:58,436 - PREPROCESS - INFO - 804 preprocessed: 0.0023696422576904297 Done:10800
2022-02-28 18:43:58,441 - PREPROCESS - INFO - 631 Loaded from pickle.
2022-02-28 18:43:58,441 - PREPROCESS - INFO - 631 preprocessed: 0.0021843910217285156 Done:10890
2022-02-28 18:43:58,446 - PREPROCESS - INFO - 245 Loaded from pickle.
2022-02-28 18:43:58,446 - PREPROCESS - INFO - 245 preprocessed: 0.002170085906982422 Done:10980
2022-02-28 18:43:58,449 - PREPROCESS - INFO - 704 Loaded from pickle.
2022-02-28 18:43:58,450 - PREPROCESS - INFO - 704 preprocessed: 0.0016682147979736328 Done:11070
2022-02-28 18:43:58,564 - PREPROCESS - INFO - 188 Loaded from pickle.
2022-02-28 18:43:58,564 - PREPROCESS - INFO - 188 preprocessed: 0.00957942008972168 Done:11160
2022-02-28 18:43:58,569 - PREPROCESS - INFO - 190 Loaded from pickle.
2022-02-28 18:43:58,569 - PREPROCESS - INFO - 190 preprocessed: 0.001999378204345703 Done:11250
2022-02-28 18:43:58,578 - PREPROCESS - INFO - 660 Loaded from pickle.
2022-02-28 18:43:58,578 - PREPROCESS - INFO - 660 preprocessed: 0.004128456115722656 Done:11340
2022-02-28 18:43:58,594 - PREPROCESS - INFO - 156 Loaded from pickle.
2022-02-28 18:43:58,594 - PREPROCESS - INFO - 156 preprocessed: 0.003457784652709961 Done:11430
2022-02-28 18:43:58,608 - PREPROCESS - INFO - 733 Loaded from pickle.
2022-02-28 18:43:58,608 - PREPROCESS - INFO - 733 preprocessed: 0.0032138824462890625 Done:11520
2022-02-28 18:43:59,151 - PREPROCESS - INFO - 811 Loaded from pickle.
2022-02-28 18:43:59,151 - PREPROCESS - INFO - 811 preprocessed: 0.005779266357421875 Done:11610
2022-02-28 18:43:59,197 - PREPROCESS - INFO - 314 Loaded from pickle.
2022-02-28 18:43:59,197 - PREPROCESS - INFO - 314 preprocessed: 0.007555246353149414 Done:11700
2022-02-28 18:43:59,229 - PREPROCESS - INFO - 308 Loaded from pickle.
2022-02-28 18:43:59,229 - PREPROCESS - INFO - 308 preprocessed: 0.011943340301513672 Done:11790
2022-02-28 18:43:59,287 - PREPROCESS - INFO - 550 Loaded from pickle.
2022-02-28 18:43:59,287 - PREPROCESS - INFO - 550 preprocessed: 0.010495901107788086 Done:11880
2022-02-28 18:43:59,533 - PREPROCESS - INFO - 168 Loaded from pickle.
2022-02-28 18:43:59,533 - PREPROCESS - INFO - 168 preprocessed: 0.0024116039276123047 Done:11970
2022-02-28 18:43:59,539 - PREPROCESS - INFO - 306 Loaded from pickle.
2022-02-28 18:43:59,540 - PREPROCESS - INFO - 306 preprocessed: 0.001897573471069336 Done:12060
2022-02-28 18:43:59,546 - PREPROCESS - INFO - 652 Loaded from pickle.
2022-02-28 18:43:59,546 - PREPROCESS - INFO - 652 preprocessed: 0.002602815628051758 Done:12150
2022-02-28 18:43:59,754 - PREPROCESS - INFO - 399 Loaded from pickle.
2022-02-28 18:43:59,755 - PREPROCESS - INFO - 399 preprocessed: 0.20618772506713867 Done:12240
2022-02-28 18:44:00,267 - PREPROCESS - INFO - 759 Loaded from pickle.
2022-02-28 18:44:00,267 - PREPROCESS - INFO - 759 preprocessed: 0.14067673683166504 Done:12330
2022-02-28 18:44:00,498 - PREPROCESS - INFO - 889 Loaded from pickle.
2022-02-28 18:44:00,498 - PREPROCESS - INFO - 889 preprocessed: 0.228102445602417 Done:12420
2022-02-28 18:44:01,071 - PREPROCESS - INFO - 714 Loaded from pickle.
2022-02-28 18:44:01,072 - PREPROCESS - INFO - 714 preprocessed: 0.0019326210021972656 Done:12510
2022-02-28 18:44:01,077 - PREPROCESS - INFO - 530 Loaded from pickle.
2022-02-28 18:44:01,077 - PREPROCESS - INFO - 530 preprocessed: 0.003087759017944336 Done:12600
2022-02-28 18:44:01,083 - PREPROCESS - INFO - 324 Loaded from pickle.
2022-02-28 18:44:01,083 - PREPROCESS - INFO - 324 preprocessed: 0.002158641815185547 Done:12690
2022-02-28 18:44:01,852 - PREPROCESS - INFO - 204 Loaded from pickle.
2022-02-28 18:44:01,852 - PREPROCESS - INFO - 204 preprocessed: 0.5592818260192871 Done:12780
2022-02-28 18:44:01,855 - PREPROCESS - INFO - 39 Loaded from pickle.
2022-02-28 18:44:01,856 - PREPROCESS - INFO - 39 preprocessed: 0.0013127326965332031 Done:12870
2022-02-28 18:44:01,862 - PREPROCESS - INFO - 700 Loaded from pickle.
2022-02-28 18:44:01,862 - PREPROCESS - INFO - 700 preprocessed: 0.0027174949645996094 Done:12960
2022-02-28 18:44:02,064 - PREPROCESS - INFO - 140 Loaded from pickle.
2022-02-28 18:44:02,064 - PREPROCESS - INFO - 140 preprocessed: 0.199143648147583 Done:13050
2022-02-28 18:44:02,819 - PREPROCESS - INFO - 903 Loaded from pickle.
2022-02-28 18:44:02,819 - PREPROCESS - INFO - 903 preprocessed: 0.2077627182006836 Done:13140
2022-02-28 18:44:03,385 - PREPROCESS - INFO - 671 Loaded from pickle.
2022-02-28 18:44:03,386 - PREPROCESS - INFO - 671 preprocessed: 0.001554250717163086 Done:13230
2022-02-28 18:44:03,593 - PREPROCESS - INFO - 717 Loaded from pickle.
2022-02-28 18:44:03,593 - PREPROCESS - INFO - 717 preprocessed: 0.2034900188446045 Done:13320
2022-02-28 18:44:04,172 - PREPROCESS - INFO - 435 Loaded from pickle.
2022-02-28 18:44:04,173 - PREPROCESS - INFO - 435 preprocessed: 0.002018451690673828 Done:13410
2022-02-28 18:44:04,178 - PREPROCESS - INFO - 7 Loaded from pickle.
2022-02-28 18:44:04,178 - PREPROCESS - INFO - 7 preprocessed: 0.0017781257629394531 Done:13500
2022-02-28 18:44:04,937 - PREPROCESS - INFO - 941 Loaded from pickle.
2022-02-28 18:44:04,937 - PREPROCESS - INFO - 941 preprocessed: 0.5607612133026123 Done:13590
2022-02-28 18:44:04,945 - PREPROCESS - INFO - 359 Loaded from pickle.
2022-02-28 18:44:04,946 - PREPROCESS - INFO - 359 preprocessed: 0.0033779144287109375 Done:13680
2022-02-28 18:44:04,952 - PREPROCESS - INFO - 370 Loaded from pickle.
2022-02-28 18:44:04,952 - PREPROCESS - INFO - 370 preprocessed: 0.0033240318298339844 Done:13770
2022-02-28 18:44:05,204 - PREPROCESS - INFO - 798 Loaded from pickle.
2022-02-28 18:44:05,204 - PREPROCESS - INFO - 798 preprocessed: 0.02479076385498047 Done:13860
2022-02-28 18:44:05,697 - PREPROCESS - INFO - 658 Loaded from pickle.
2022-02-28 18:44:05,698 - PREPROCESS - INFO - 658 preprocessed: 0.001474618911743164 Done:13950
2022-02-28 18:44:05,702 - PREPROCESS - INFO - 182 Loaded from pickle.
2022-02-28 18:44:05,702 - PREPROCESS - INFO - 182 preprocessed: 0.0008358955383300781 Done:14040
2022-02-28 18:44:05,909 - PREPROCESS - INFO - 276 Loaded from pickle.
2022-02-28 18:44:05,910 - PREPROCESS - INFO - 276 preprocessed: 0.204024076461792 Done:14130
2022-02-28 18:44:06,447 - PREPROCESS - INFO - 871 Loaded from pickle.
2022-02-28 18:44:06,447 - PREPROCESS - INFO - 871 preprocessed: 0.002664804458618164 Done:14220
2022-02-28 18:44:06,454 - PREPROCESS - INFO - 384 Loaded from pickle.
2022-02-28 18:44:06,455 - PREPROCESS - INFO - 384 preprocessed: 0.0017592906951904297 Done:14310
2022-02-28 18:44:07,164 - PREPROCESS - INFO - 612 Loaded from pickle.
2022-02-28 18:44:07,165 - PREPROCESS - INFO - 612 preprocessed: 0.5138294696807861 Done:14400
2022-02-28 18:44:07,177 - PREPROCESS - INFO - 338 Loaded from pickle.
2022-02-28 18:44:07,178 - PREPROCESS - INFO - 338 preprocessed: 0.004647254943847656 Done:14490
2022-02-28 18:44:07,195 - PREPROCESS - INFO - 744 Loaded from pickle.
2022-02-28 18:44:07,195 - PREPROCESS - INFO - 744 preprocessed: 0.006857156753540039 Done:14580
2022-02-28 18:44:07,209 - PREPROCESS - INFO - 194 Loaded from pickle.
2022-02-28 18:44:07,209 - PREPROCESS - INFO - 194 preprocessed: 0.0052187442779541016 Done:14670
2022-02-28 18:44:07,914 - PREPROCESS - INFO - 393 Loaded from pickle.
2022-02-28 18:44:07,914 - PREPROCESS - INFO - 393 preprocessed: 0.5105478763580322 Done:14760
2022-02-28 18:44:07,929 - PREPROCESS - INFO - 621 Loaded from pickle.
2022-02-28 18:44:07,929 - PREPROCESS - INFO - 621 preprocessed: 0.004880666732788086 Done:14850
2022-02-28 18:44:07,946 - PREPROCESS - INFO - 731 Loaded from pickle.
2022-02-28 18:44:07,946 - PREPROCESS - INFO - 731 preprocessed: 0.0031290054321289062 Done:14940
2022-02-28 18:44:07,956 - PREPROCESS - INFO - 688 Loaded from pickle.
2022-02-28 18:44:07,956 - PREPROCESS - INFO - 688 preprocessed: 0.002343416213989258 Done:15030
2022-02-28 18:44:08,448 - PREPROCESS - INFO - 836 Loaded from pickle.
2022-02-28 18:44:08,448 - PREPROCESS - INFO - 836 preprocessed: 0.29468536376953125 Done:15120
2022-02-28 18:44:08,670 - PREPROCESS - INFO - 333 Loaded from pickle.
2022-02-28 18:44:08,670 - PREPROCESS - INFO - 333 preprocessed: 0.0012345314025878906 Done:15210
2022-02-28 18:44:08,674 - PREPROCESS - INFO - 813 Loaded from pickle.
2022-02-28 18:44:08,674 - PREPROCESS - INFO - 813 preprocessed: 0.0007998943328857422 Done:15300
2022-02-28 18:44:08,877 - PREPROCESS - INFO - 415 Loaded from pickle.
2022-02-28 18:44:08,878 - PREPROCESS - INFO - 415 preprocessed: 0.20098018646240234 Done:15390
2022-02-28 18:44:09,393 - PREPROCESS - INFO - 407 Loaded from pickle.
2022-02-28 18:44:09,393 - PREPROCESS - INFO - 407 preprocessed: 0.10383343696594238 Done:15480
2022-02-28 18:44:09,399 - PREPROCESS - INFO - 441 Loaded from pickle.
2022-02-28 18:44:09,400 - PREPROCESS - INFO - 441 preprocessed: 0.0030841827392578125 Done:15570
2022-02-28 18:44:09,403 - PREPROCESS - INFO - 420 Loaded from pickle.
2022-02-28 18:44:09,403 - PREPROCESS - INFO - 420 preprocessed: 0.0017189979553222656 Done:15660
2022-02-28 18:44:09,628 - PREPROCESS - INFO - 523 Loaded from pickle.
2022-02-28 18:44:09,628 - PREPROCESS - INFO - 523 preprocessed: 0.025669336318969727 Done:15750
2022-02-28 18:44:10,127 - PREPROCESS - INFO - 460 Loaded from pickle.
2022-02-28 18:44:10,127 - PREPROCESS - INFO - 460 preprocessed: 0.001615285873413086 Done:15840
2022-02-28 18:44:10,330 - PREPROCESS - INFO - 2 Loaded from pickle.
2022-02-28 18:44:10,330 - PREPROCESS - INFO - 2 preprocessed: 0.19931745529174805 Done:15930
2022-02-28 18:44:11,064 - PREPROCESS - INFO - 425 Loaded from pickle.
2022-02-28 18:44:11,065 - PREPROCESS - INFO - 425 preprocessed: 0.20987582206726074 Done:16020
2022-02-28 18:44:11,585 - PREPROCESS - INFO - 205 Loaded from pickle.
2022-02-28 18:44:11,586 - PREPROCESS - INFO - 205 preprocessed: 0.003179788589477539 Done:16110
2022-02-28 18:44:11,589 - PREPROCESS - INFO - 297 Loaded from pickle.
2022-02-28 18:44:11,589 - PREPROCESS - INFO - 297 preprocessed: 0.001115560531616211 Done:16200
2022-02-28 18:44:11,785 - PREPROCESS - INFO - 169 Loaded from pickle.
2022-02-28 18:44:11,785 - PREPROCESS - INFO - 169 preprocessed: 0.19454121589660645 Done:16290
2022-02-28 18:44:12,513 - PREPROCESS - INFO - 561 Loaded from pickle.
2022-02-28 18:44:12,513 - PREPROCESS - INFO - 561 preprocessed: 0.20176959037780762 Done:16380
2022-02-28 18:44:13,230 - PREPROCESS - INFO - 787 Loaded from pickle.
2022-02-28 18:44:13,231 - PREPROCESS - INFO - 787 preprocessed: 0.20030713081359863 Done:16470
2022-02-28 18:44:13,751 - PREPROCESS - INFO - 955 Loaded from pickle.
2022-02-28 18:44:13,751 - PREPROCESS - INFO - 955 preprocessed: 0.0025815963745117188 Done:16560
2022-02-28 18:44:13,756 - PREPROCESS - INFO - 429 Loaded from pickle.
2022-02-28 18:44:13,756 - PREPROCESS - INFO - 429 preprocessed: 0.0019145011901855469 Done:16650
2022-02-28 18:44:13,956 - PREPROCESS - INFO - 185 Loaded from pickle.
2022-02-28 18:44:13,956 - PREPROCESS - INFO - 185 preprocessed: 0.19722986221313477 Done:16740
2022-02-28 18:44:14,478 - PREPROCESS - INFO - 490 Loaded from pickle.
2022-02-28 18:44:14,478 - PREPROCESS - INFO - 490 preprocessed: 0.001745462417602539 Done:16830
2022-02-28 18:44:14,684 - PREPROCESS - INFO - 645 Loaded from pickle.
2022-02-28 18:44:14,685 - PREPROCESS - INFO - 645 preprocessed: 0.20279598236083984 Done:16920
2022-02-28 18:44:15,201 - PREPROCESS - INFO - 206 Loaded from pickle.
2022-02-28 18:44:15,202 - PREPROCESS - INFO - 206 preprocessed: 0.0025758743286132812 Done:17010
2022-02-28 18:44:15,209 - PREPROCESS - INFO - 163 Loaded from pickle.
2022-02-28 18:44:15,210 - PREPROCESS - INFO - 163 preprocessed: 0.004418849945068359 Done:17100
2022-02-28 18:44:15,412 - PREPROCESS - INFO - 96 Loaded from pickle.
2022-02-28 18:44:15,412 - PREPROCESS - INFO - 96 preprocessed: 0.19933462142944336 Done:17190
2022-02-28 18:44:16,146 - PREPROCESS - INFO - 416 Loaded from pickle.
2022-02-28 18:44:16,146 - PREPROCESS - INFO - 416 preprocessed: 0.21342229843139648 Done:17280
2022-02-28 18:44:16,669 - PREPROCESS - INFO - 591 Loaded from pickle.
2022-02-28 18:44:16,669 - PREPROCESS - INFO - 591 preprocessed: 0.00331878662109375 Done:17370
2022-02-28 18:44:16,673 - PREPROCESS - INFO - 634 Loaded from pickle.
2022-02-28 18:44:16,673 - PREPROCESS - INFO - 634 preprocessed: 0.0017216205596923828 Done:17460
2022-02-28 18:44:17,604 - PREPROCESS - INFO - 987 Loaded from pickle.
2022-02-28 18:44:17,604 - PREPROCESS - INFO - 987 preprocessed: 0.20351219177246094 Done:17550
2022-02-28 18:44:18,333 - PREPROCESS - INFO - 153 Loaded from pickle.
2022-02-28 18:44:18,334 - PREPROCESS - INFO - 153 preprocessed: 0.2006382942199707 Done:17640
2022-02-28 18:44:19,057 - PREPROCESS - INFO - 926 Loaded from pickle.
2022-02-28 18:44:19,058 - PREPROCESS - INFO - 926 preprocessed: 0.20229434967041016 Done:17730
2022-02-28 18:44:19,578 - PREPROCESS - INFO - 945 Loaded from pickle.
2022-02-28 18:44:19,578 - PREPROCESS - INFO - 945 preprocessed: 0.05967259407043457 Done:17820
2022-02-28 18:44:19,583 - PREPROCESS - INFO - 834 Loaded from pickle.
2022-02-28 18:44:19,584 - PREPROCESS - INFO - 834 preprocessed: 0.002183198928833008 Done:17910
2022-02-28 18:44:19,591 - PREPROCESS - INFO - 756 Loaded from pickle.
2022-02-28 18:44:19,591 - PREPROCESS - INFO - 756 preprocessed: 0.0019009113311767578 Done:18000
2022-02-28 18:44:19,790 - PREPROCESS - INFO - 449 Loaded from pickle.
2022-02-28 18:44:19,790 - PREPROCESS - INFO - 449 preprocessed: 0.19658470153808594 Done:18090
2022-02-28 18:44:20,322 - PREPROCESS - INFO - 708 Loaded from pickle.
2022-02-28 18:44:20,322 - PREPROCESS - INFO - 708 preprocessed: 0.07383561134338379 Done:18180
2022-02-28 18:44:20,345 - PREPROCESS - INFO - 381 Loaded from pickle.
2022-02-28 18:44:20,345 - PREPROCESS - INFO - 381 preprocessed: 0.005646228790283203 Done:18270
2022-02-28 18:44:20,553 - PREPROCESS - INFO - 924 Loaded from pickle.
2022-02-28 18:44:20,553 - PREPROCESS - INFO - 924 preprocessed: 0.20221734046936035 Done:18360
2022-02-28 18:44:21,076 - PREPROCESS - INFO - 859 Loaded from pickle.
2022-02-28 18:44:21,076 - PREPROCESS - INFO - 859 preprocessed: 0.001280069351196289 Done:18450
2022-02-28 18:44:21,082 - PREPROCESS - INFO - 616 Loaded from pickle.
2022-02-28 18:44:21,082 - PREPROCESS - INFO - 616 preprocessed: 0.002579927444458008 Done:18540
2022-02-28 18:44:21,285 - PREPROCESS - INFO - 211 Loaded from pickle.
2022-02-28 18:44:21,286 - PREPROCESS - INFO - 211 preprocessed: 0.20188117027282715 Done:18630
2022-02-28 18:44:21,807 - PREPROCESS - INFO - 456 Loaded from pickle.
2022-02-28 18:44:21,807 - PREPROCESS - INFO - 456 preprocessed: 0.13955211639404297 Done:18720
2022-02-28 18:44:21,810 - PREPROCESS - INFO - 640 Loaded from pickle.
2022-02-28 18:44:21,810 - PREPROCESS - INFO - 640 preprocessed: 0.0011985301971435547 Done:18810
2022-02-28 18:44:21,815 - PREPROCESS - INFO - 85 Loaded from pickle.
2022-02-28 18:44:21,815 - PREPROCESS - INFO - 85 preprocessed: 0.0013523101806640625 Done:18900
2022-02-28 18:44:21,817 - PREPROCESS - INFO - 814 Loaded from pickle.
2022-02-28 18:44:21,818 - PREPROCESS - INFO - 814 preprocessed: 0.0009043216705322266 Done:18990
2022-02-28 18:44:22,015 - PREPROCESS - INFO - 864 Loaded from pickle.
2022-02-28 18:44:22,015 - PREPROCESS - INFO - 864 preprocessed: 0.19521784782409668 Done:19080
2022-02-28 18:44:22,747 - PREPROCESS - INFO - 137 Loaded from pickle.
2022-02-28 18:44:22,748 - PREPROCESS - INFO - 137 preprocessed: 0.21003246307373047 Done:19170
2022-02-28 18:44:23,486 - PREPROCESS - INFO - 824 Loaded from pickle.
2022-02-28 18:44:23,487 - PREPROCESS - INFO - 824 preprocessed: 0.2056751251220703 Done:19260
2022-02-28 18:44:24,015 - PREPROCESS - INFO - 672 Loaded from pickle.
2022-02-28 18:44:24,015 - PREPROCESS - INFO - 672 preprocessed: 0.07652807235717773 Done:19350
2022-02-28 18:44:24,021 - PREPROCESS - INFO - 296 Loaded from pickle.
2022-02-28 18:44:24,021 - PREPROCESS - INFO - 296 preprocessed: 0.0019855499267578125 Done:19440
2022-02-28 18:44:24,024 - PREPROCESS - INFO - 356 Loaded from pickle.
2022-02-28 18:44:24,025 - PREPROCESS - INFO - 356 preprocessed: 0.0006957054138183594 Done:19530
2022-02-28 18:44:24,743 - PREPROCESS - INFO - 461 Loaded from pickle.
2022-02-28 18:44:24,743 - PREPROCESS - INFO - 461 preprocessed: 0.5191352367401123 Done:19620
2022-02-28 18:44:24,760 - PREPROCESS - INFO - 536 Loaded from pickle.
2022-02-28 18:44:24,763 - PREPROCESS - INFO - 536 preprocessed: 0.007302761077880859 Done:19710
2022-02-28 18:44:24,777 - PREPROCESS - INFO - 613 Loaded from pickle.
2022-02-28 18:44:24,778 - PREPROCESS - INFO - 613 preprocessed: 0.004360675811767578 Done:19800
2022-02-28 18:44:24,982 - PREPROCESS - INFO - 273 Loaded from pickle.
2022-02-28 18:44:24,982 - PREPROCESS - INFO - 273 preprocessed: 0.1519179344177246 Done:19890
2022-02-28 18:44:25,503 - PREPROCESS - INFO - 745 Loaded from pickle.
2022-02-28 18:44:25,503 - PREPROCESS - INFO - 745 preprocessed: 0.11270022392272949 Done:19980
2022-02-28 18:44:25,718 - PREPROCESS - INFO - 355 Loaded from pickle.
2022-02-28 18:44:25,719 - PREPROCESS - INFO - 355 preprocessed: 0.21258044242858887 Done:20070
2022-02-28 18:44:26,269 - PREPROCESS - INFO - 121 Loaded from pickle.
2022-02-28 18:44:26,270 - PREPROCESS - INFO - 121 preprocessed: 0.003273487091064453 Done:20160
2022-02-28 18:44:26,275 - PREPROCESS - INFO - 64 Loaded from pickle.
2022-02-28 18:44:26,275 - PREPROCESS - INFO - 64 preprocessed: 0.002279520034790039 Done:20250
2022-02-28 18:44:26,489 - PREPROCESS - INFO - 300 Loaded from pickle.
2022-02-28 18:44:26,489 - PREPROCESS - INFO - 300 preprocessed: 0.00982666015625 Done:20340
2022-02-28 18:44:27,040 - PREPROCESS - INFO - 173 Loaded from pickle.
2022-02-28 18:44:27,040 - PREPROCESS - INFO - 173 preprocessed: 0.0018813610076904297 Done:20430
2022-02-28 18:44:27,045 - PREPROCESS - INFO - 911 Loaded from pickle.
2022-02-28 18:44:27,046 - PREPROCESS - INFO - 911 preprocessed: 0.003422975540161133 Done:20520
2022-02-28 18:44:27,051 - PREPROCESS - INFO - 856 Loaded from pickle.
2022-02-28 18:44:27,051 - PREPROCESS - INFO - 856 preprocessed: 0.0020482540130615234 Done:20610
2022-02-28 18:44:27,266 - PREPROCESS - INFO - 229 Loaded from pickle.
2022-02-28 18:44:27,266 - PREPROCESS - INFO - 229 preprocessed: 0.2132565975189209 Done:20700
2022-02-28 18:44:27,829 - PREPROCESS - INFO - 749 Loaded from pickle.
2022-02-28 18:44:27,829 - PREPROCESS - INFO - 749 preprocessed: 0.0023071765899658203 Done:20790
2022-02-28 18:44:27,833 - PREPROCESS - INFO - 748 Loaded from pickle.
2022-02-28 18:44:27,833 - PREPROCESS - INFO - 748 preprocessed: 0.00103759765625 Done:20880
2022-02-28 18:44:28,047 - PREPROCESS - INFO - 913 Loaded from pickle.
2022-02-28 18:44:28,048 - PREPROCESS - INFO - 913 preprocessed: 0.21173787117004395 Done:20970
2022-02-28 18:44:28,611 - PREPROCESS - INFO - 197 Loaded from pickle.
2022-02-28 18:44:28,611 - PREPROCESS - INFO - 197 preprocessed: 0.0698857307434082 Done:21060
2022-02-28 18:44:28,618 - PREPROCESS - INFO - 795 Loaded from pickle.
2022-02-28 18:44:28,618 - PREPROCESS - INFO - 795 preprocessed: 0.0010085105895996094 Done:21150
2022-02-28 18:44:28,705 - PREPROCESS - INFO - 620 Loaded from pickle.
2022-02-28 18:44:28,705 - PREPROCESS - INFO - 620 preprocessed: 0.08421087265014648 Done:21240
2022-02-28 18:44:29,371 - PREPROCESS - INFO - 235 Loaded from pickle.
2022-02-28 18:44:29,371 - PREPROCESS - INFO - 235 preprocessed: 0.002095460891723633 Done:21330
2022-02-28 18:44:29,376 - PREPROCESS - INFO - 162 Loaded from pickle.
2022-02-28 18:44:29,376 - PREPROCESS - INFO - 162 preprocessed: 0.0018482208251953125 Done:21420
2022-02-28 18:44:29,381 - PREPROCESS - INFO - 405 Loaded from pickle.
2022-02-28 18:44:29,381 - PREPROCESS - INFO - 405 preprocessed: 0.001847982406616211 Done:21510
2022-02-28 18:44:30,144 - PREPROCESS - INFO - 936 Loaded from pickle.
2022-02-28 18:44:30,145 - PREPROCESS - INFO - 936 preprocessed: 0.5511553287506104 Done:21600
2022-02-28 18:44:30,150 - PREPROCESS - INFO - 806 Loaded from pickle.
2022-02-28 18:44:30,151 - PREPROCESS - INFO - 806 preprocessed: 0.002950429916381836 Done:21690
2022-02-28 18:44:30,155 - PREPROCESS - INFO - 555 Loaded from pickle.
2022-02-28 18:44:30,155 - PREPROCESS - INFO - 555 preprocessed: 0.0015521049499511719 Done:21780
2022-02-28 18:44:30,925 - PREPROCESS - INFO - 86 Loaded from pickle.
2022-02-28 18:44:30,926 - PREPROCESS - INFO - 86 preprocessed: 0.5560915470123291 Done:21870
2022-02-28 18:44:30,939 - PREPROCESS - INFO - 499 Loaded from pickle.
2022-02-28 18:44:30,940 - PREPROCESS - INFO - 499 preprocessed: 0.0068171024322509766 Done:21960
2022-02-28 18:44:30,970 - PREPROCESS - INFO - 246 Loaded from pickle.
2022-02-28 18:44:30,970 - PREPROCESS - INFO - 246 preprocessed: 0.00435328483581543 Done:22050
2022-02-28 18:44:31,791 - PREPROCESS - INFO - 401 Loaded from pickle.
2022-02-28 18:44:31,791 - PREPROCESS - INFO - 401 preprocessed: 0.03809356689453125 Done:22140
2022-02-28 18:44:32,735 - PREPROCESS - INFO - 556 Loaded from pickle.
2022-02-28 18:44:32,735 - PREPROCESS - INFO - 556 preprocessed: 0.2166290283203125 Done:22230
2022-02-28 18:44:33,278 - PREPROCESS - INFO - 123 Loaded from pickle.
2022-02-28 18:44:33,279 - PREPROCESS - INFO - 123 preprocessed: 0.0015175342559814453 Done:22320
2022-02-28 18:44:33,493 - PREPROCESS - INFO - 299 Loaded from pickle.
2022-02-28 18:44:33,493 - PREPROCESS - INFO - 299 preprocessed: 0.19610810279846191 Done:22410
2022-02-28 18:44:34,268 - PREPROCESS - INFO - 801 Loaded from pickle.
2022-02-28 18:44:34,268 - PREPROCESS - INFO - 801 preprocessed: 0.21677088737487793 Done:22500
2022-02-28 18:44:34,851 - PREPROCESS - INFO - 455 Loaded from pickle.
2022-02-28 18:44:34,851 - PREPROCESS - INFO - 455 preprocessed: 0.001870870590209961 Done:22590
2022-02-28 18:44:35,069 - PREPROCESS - INFO - 468 Loaded from pickle.
2022-02-28 18:44:35,069 - PREPROCESS - INFO - 468 preprocessed: 0.21014142036437988 Done:22680
2022-02-28 18:44:35,787 - PREPROCESS - INFO - 451 Loaded from pickle.
2022-02-28 18:44:35,787 - PREPROCESS - INFO - 451 preprocessed: 0.16859984397888184 Done:22770
2022-02-28 18:44:36,582 - PREPROCESS - INFO - 92 Loaded from pickle.
2022-02-28 18:44:36,582 - PREPROCESS - INFO - 92 preprocessed: 0.21436762809753418 Done:22860
2022-02-28 18:44:37,125 - PREPROCESS - INFO - 891 Loaded from pickle.
2022-02-28 18:44:37,125 - PREPROCESS - INFO - 891 preprocessed: 0.0018553733825683594 Done:22950
2022-02-28 18:44:37,137 - PREPROCESS - INFO - 31 Loaded from pickle.
2022-02-28 18:44:37,137 - PREPROCESS - INFO - 31 preprocessed: 0.0015325546264648438 Done:23040
